[     -20ms] [LOG] [Fast Refresh] done in 796ms @ webpack-internal:///(app-pages-browser)/./node_modules/.pnpm/next@15.5.19_react-dom@19.2.7_react@19.2.7__react@19.2.7/node_modules/next/dist/client/dev/report-hmr-latency.js:13
[     115ms] [LOG] [Fast Refresh] rebuilding @ webpack-internal:///(app-pages-browser)/./node_modules/.pnpm/next@15.5.19_react-dom@19.2.7_react@19.2.7__react@19.2.7/node_modules/next/dist/client/dev/hot-reloader/app/hot-reloader-app.js:196
[    3599ms] [LOG] [Fast Refresh] done in 3483ms @ webpack-internal:///(app-pages-browser)/./node_modules/.pnpm/next@15.5.19_react-dom@19.2.7_react@19.2.7__react@19.2.7/node_modules/next/dist/client/dev/report-hmr-latency.js:13
[    5872ms] [INFO] %cDownload the React DevTools for a better development experience: https://react.dev/link/react-devtools font-weight:bold @ webpack-internal:///(app-pages-browser)/./node_modules/.pnpm/next@15.5.19_react-dom@19.2.7_react@19.2.7__react@19.2.7/node_modules/next/dist/compiled/react-dom/cjs/react-dom-client.development.js:25630
[    9560ms] [LOG] [Fast Refresh] done in 1781948362688ms @ webpack-internal:///(app-pages-browser)/./node_modules/.pnpm/next@15.5.19_react-dom@19.2.7_react@19.2.7__react@19.2.7/node_modules/next/dist/client/dev/report-hmr-latency.js:13
[    9595ms] [LOG] [Fast Refresh] rebuilding @ webpack-internal:///(app-pages-browser)/./node_modules/.pnpm/next@15.5.19_react-dom@19.2.7_react@19.2.7__react@19.2.7/node_modules/next/dist/client/dev/hot-reloader/app/hot-reloader-app.js:196
[   10689ms] [LOG] [Fast Refresh] done in 1096ms @ webpack-internal:///(app-pages-browser)/./node_modules/.pnpm/next@15.5.19_react-dom@19.2.7_react@19.2.7__react@19.2.7/node_modules/next/dist/client/dev/report-hmr-latency.js:13
[   10702ms] [LOG] [Fast Refresh] rebuilding @ webpack-internal:///(app-pages-browser)/./node_modules/.pnpm/next@15.5.19_react-dom@19.2.7_react@19.2.7__react@19.2.7/node_modules/next/dist/client/dev/hot-reloader/app/hot-reloader-app.js:196
[   12759ms] [LOG] [Fast Refresh] done in 2058ms @ webpack-internal:///(app-pages-browser)/./node_modules/.pnpm/next@15.5.19_react-dom@19.2.7_react@19.2.7__react@19.2.7/node_modules/next/dist/client/dev/report-hmr-latency.js:13
[   12767ms] [LOG] [Fast Refresh] rebuilding @ webpack-internal:///(app-pages-browser)/./node_modules/.pnpm/next@15.5.19_react-dom@19.2.7_react@19.2.7__react@19.2.7/node_modules/next/dist/client/dev/hot-reloader/app/hot-reloader-app.js:196
[   13904ms] [LOG] [Fast Refresh] done in 1138ms @ webpack-internal:///(app-pages-browser)/./node_modules/.pnpm/next@15.5.19_react-dom@19.2.7_react@19.2.7__react@19.2.7/node_modules/next/dist/client/dev/report-hmr-latency.js:13
[   13994ms] [LOG] [Fast Refresh] rebuilding @ webpack-internal:///(app-pages-browser)/./node_modules/.pnpm/next@15.5.19_react-dom@19.2.7_react@19.2.7__react@19.2.7/node_modules/next/dist/client/dev/hot-reloader/app/hot-reloader-app.js:196
[   15234ms] [LOG] [Fast Refresh] done in 1241ms @ webpack-internal:///(app-pages-browser)/./node_modules/.pnpm/next@15.5.19_react-dom@19.2.7_react@19.2.7__react@19.2.7/node_modules/next/dist/client/dev/report-hmr-latency.js:13
[   16384ms] [LOG] [Fast Refresh] rebuilding @ webpack-internal:///(app-pages-browser)/./node_modules/.pnpm/next@15.5.19_react-dom@19.2.7_react@19.2.7__react@19.2.7/node_modules/next/dist/client/dev/hot-reloader/app/hot-reloader-app.js:196
[   16433ms] [LOG] [Fast Refresh] rebuilding @ webpack-internal:///(app-pages-browser)/./node_modules/.pnpm/next@15.5.19_react-dom@19.2.7_react@19.2.7__react@19.2.7/node_modules/next/dist/client/dev/hot-reloader/app/hot-reloader-app.js:196
[   16545ms] [LOG] [Fast Refresh] done in 111ms @ webpack-internal:///(app-pages-browser)/./node_modules/.pnpm/next@15.5.19_react-dom@19.2.7_react@19.2.7__react@19.2.7/node_modules/next/dist/client/dev/report-hmr-latency.js:13
[   17952ms] [LOG] [Fast Refresh] done in 1518ms @ webpack-internal:///(app-pages-browser)/./node_modules/.pnpm/next@15.5.19_react-dom@19.2.7_react@19.2.7__react@19.2.7/node_modules/next/dist/client/dev/report-hmr-latency.js:13
[   17959ms] [LOG] [Fast Refresh] rebuilding @ webpack-internal:///(app-pages-browser)/./node_modules/.pnpm/next@15.5.19_react-dom@19.2.7_react@19.2.7__react@19.2.7/node_modules/next/dist/client/dev/hot-reloader/app/hot-reloader-app.js:196
[   19071ms] [LOG] [Fast Refresh] done in 1113ms @ webpack-internal:///(app-pages-browser)/./node_modules/.pnpm/next@15.5.19_react-dom@19.2.7_react@19.2.7__react@19.2.7/node_modules/next/dist/client/dev/report-hmr-latency.js:13
[   19151ms] [LOG] [Fast Refresh] rebuilding @ webpack-internal:///(app-pages-browser)/./node_modules/.pnpm/next@15.5.19_react-dom@19.2.7_react@19.2.7__react@19.2.7/node_modules/next/dist/client/dev/hot-reloader/app/hot-reloader-app.js:196
[   20356ms] [LOG] [Fast Refresh] done in 1206ms @ webpack-internal:///(app-pages-browser)/./node_modules/.pnpm/next@15.5.19_react-dom@19.2.7_react@19.2.7__react@19.2.7/node_modules/next/dist/client/dev/report-hmr-latency.js:13
[   20375ms] [LOG] [Fast Refresh] rebuilding @ webpack-internal:///(app-pages-browser)/./node_modules/.pnpm/next@15.5.19_react-dom@19.2.7_react@19.2.7__react@19.2.7/node_modules/next/dist/client/dev/hot-reloader/app/hot-reloader-app.js:196
[   21228ms] [LOG] [Fast Refresh] done in 854ms @ webpack-internal:///(app-pages-browser)/./node_modules/.pnpm/next@15.5.19_react-dom@19.2.7_react@19.2.7__react@19.2.7/node_modules/next/dist/client/dev/report-hmr-latency.js:13
[   21308ms] [LOG] [Fast Refresh] rebuilding @ webpack-internal:///(app-pages-browser)/./node_modules/.pnpm/next@15.5.19_react-dom@19.2.7_react@19.2.7__react@19.2.7/node_modules/next/dist/client/dev/hot-reloader/app/hot-reloader-app.js:196
[   24053ms] [LOG] [Fast Refresh] done in 2745ms @ webpack-internal:///(app-pages-browser)/./node_modules/.pnpm/next@15.5.19_react-dom@19.2.7_react@19.2.7__react@19.2.7/node_modules/next/dist/client/dev/report-hmr-latency.js:13
[   24077ms] [LOG] [Fast Refresh] rebuilding @ webpack-internal:///(app-pages-browser)/./node_modules/.pnpm/next@15.5.19_react-dom@19.2.7_react@19.2.7__react@19.2.7/node_modules/next/dist/client/dev/hot-reloader/app/hot-reloader-app.js:196
[   29962ms] [LOG] [Fast Refresh] done in 5884ms @ webpack-internal:///(app-pages-browser)/./node_modules/.pnpm/next@15.5.19_react-dom@19.2.7_react@19.2.7__react@19.2.7/node_modules/next/dist/client/dev/report-hmr-latency.js:13
[   31262ms] [LOG] [Fast Refresh] rebuilding @ webpack-internal:///(app-pages-browser)/./node_modules/.pnpm/next@15.5.19_react-dom@19.2.7_react@19.2.7__react@19.2.7/node_modules/next/dist/client/dev/hot-reloader/app/hot-reloader-app.js:196
[   34398ms] [LOG] [Fast Refresh] done in 3136ms @ webpack-internal:///(app-pages-browser)/./node_modules/.pnpm/next@15.5.19_react-dom@19.2.7_react@19.2.7__react@19.2.7/node_modules/next/dist/client/dev/report-hmr-latency.js:13
[   37397ms] [LOG] [Fast Refresh] rebuilding @ webpack-internal:///(app-pages-browser)/./node_modules/.pnpm/next@15.5.19_react-dom@19.2.7_react@19.2.7__react@19.2.7/node_modules/next/dist/client/dev/hot-reloader/app/hot-reloader-app.js:196
[   37789ms] [LOG] [Fast Refresh] rebuilding @ webpack-internal:///(app-pages-browser)/./node_modules/.pnpm/next@15.5.19_react-dom@19.2.7_react@19.2.7__react@19.2.7/node_modules/next/dist/client/dev/hot-reloader/app/hot-reloader-app.js:196
[   40802ms] [WARNING] The resource http://localhost:3000/_next/static/css/app/layout.css?v=1781948370149 was preloaded using link preload but not used within a few seconds from the window's load event. Please make sure it has an appropriate `as` value and it is preloaded intentionally. @ http://localhost:3000/:0
[   40802ms] [WARNING] The resource http://localhost:3000/_next/static/css/app/layout.css?v=1781948374377 was preloaded using link preload but not used within a few seconds from the window's load event. Please make sure it has an appropriate `as` value and it is preloaded intentionally. @ http://localhost:3000/:0
[   40802ms] [WARNING] The resource http://localhost:3000/_next/static/css/app/layout.css?v=1781948376770 was preloaded using link preload but not used within a few seconds from the window's load event. Please make sure it has an appropriate `as` value and it is preloaded intentionally. @ http://localhost:3000/:0
[   40802ms] [WARNING] The resource http://localhost:3000/_next/static/css/app/layout.css?v=1781948365580 was preloaded using link preload but not used within a few seconds from the window's load event. Please make sure it has an appropriate `as` value and it is preloaded intentionally. @ http://localhost:3000/:0
[   40802ms] [WARNING] The resource http://localhost:3000/_next/static/css/app/layout.css?v=1781948380358 was preloaded using link preload but not used within a few seconds from the window's load event. Please make sure it has an appropriate `as` value and it is preloaded intentionally. @ http://localhost:3000/:0
[   42478ms] [LOG] [Fast Refresh] done in 4689ms @ webpack-internal:///(app-pages-browser)/./node_modules/.pnpm/next@15.5.19_react-dom@19.2.7_react@19.2.7__react@19.2.7/node_modules/next/dist/client/dev/report-hmr-latency.js:13
[   43287ms] [LOG] [Fast Refresh] rebuilding @ webpack-internal:///(app-pages-browser)/./node_modules/.pnpm/next@15.5.19_react-dom@19.2.7_react@19.2.7__react@19.2.7/node_modules/next/dist/client/dev/hot-reloader/app/hot-reloader-app.js:196
[   45604ms] [LOG] [Fast Refresh] done in 2318ms @ webpack-internal:///(app-pages-browser)/./node_modules/.pnpm/next@15.5.19_react-dom@19.2.7_react@19.2.7__react@19.2.7/node_modules/next/dist/client/dev/report-hmr-latency.js:13
[   45688ms] [LOG] [Fast Refresh] rebuilding @ webpack-internal:///(app-pages-browser)/./node_modules/.pnpm/next@15.5.19_react-dom@19.2.7_react@19.2.7__react@19.2.7/node_modules/next/dist/client/dev/hot-reloader/app/hot-reloader-app.js:196
[   48221ms] [LOG] [Fast Refresh] done in 2532ms @ webpack-internal:///(app-pages-browser)/./node_modules/.pnpm/next@15.5.19_react-dom@19.2.7_react@19.2.7__react@19.2.7/node_modules/next/dist/client/dev/report-hmr-latency.js:13
[   49304ms] [LOG] [Fast Refresh] done in 3615ms @ webpack-internal:///(app-pages-browser)/./node_modules/.pnpm/next@15.5.19_react-dom@19.2.7_react@19.2.7__react@19.2.7/node_modules/next/dist/client/dev/report-hmr-latency.js:13
[   49370ms] [LOG] [Fast Refresh] rebuilding @ webpack-internal:///(app-pages-browser)/./node_modules/.pnpm/next@15.5.19_react-dom@19.2.7_react@19.2.7__react@19.2.7/node_modules/next/dist/client/dev/hot-reloader/app/hot-reloader-app.js:196
[   50265ms] [LOG] [Fast Refresh] done in 896ms @ webpack-internal:///(app-pages-browser)/./node_modules/.pnpm/next@15.5.19_react-dom@19.2.7_react@19.2.7__react@19.2.7/node_modules/next/dist/client/dev/report-hmr-latency.js:13
[   50325ms] [LOG] [Fast Refresh] rebuilding @ webpack-internal:///(app-pages-browser)/./node_modules/.pnpm/next@15.5.19_react-dom@19.2.7_react@19.2.7__react@19.2.7/node_modules/next/dist/client/dev/hot-reloader/app/hot-reloader-app.js:196
[   52237ms] [LOG] [Fast Refresh] done in 1912ms @ webpack-internal:///(app-pages-browser)/./node_modules/.pnpm/next@15.5.19_react-dom@19.2.7_react@19.2.7__react@19.2.7/node_modules/next/dist/client/dev/report-hmr-latency.js:13
[   52250ms] [LOG] [Fast Refresh] rebuilding @ webpack-internal:///(app-pages-browser)/./node_modules/.pnpm/next@15.5.19_react-dom@19.2.7_react@19.2.7__react@19.2.7/node_modules/next/dist/client/dev/hot-reloader/app/hot-reloader-app.js:196
[   53135ms] [LOG] [Fast Refresh] done in 885ms @ webpack-internal:///(app-pages-browser)/./node_modules/.pnpm/next@15.5.19_react-dom@19.2.7_react@19.2.7__react@19.2.7/node_modules/next/dist/client/dev/report-hmr-latency.js:13
[   53185ms] [LOG] [Fast Refresh] rebuilding @ webpack-internal:///(app-pages-browser)/./node_modules/.pnpm/next@15.5.19_react-dom@19.2.7_react@19.2.7__react@19.2.7/node_modules/next/dist/client/dev/hot-reloader/app/hot-reloader-app.js:196
[   54126ms] [LOG] [Fast Refresh] done in 940ms @ webpack-internal:///(app-pages-browser)/./node_modules/.pnpm/next@15.5.19_react-dom@19.2.7_react@19.2.7__react@19.2.7/node_modules/next/dist/client/dev/report-hmr-latency.js:13
[   54147ms] [LOG] [Fast Refresh] rebuilding @ webpack-internal:///(app-pages-browser)/./node_modules/.pnpm/next@15.5.19_react-dom@19.2.7_react@19.2.7__react@19.2.7/node_modules/next/dist/client/dev/hot-reloader/app/hot-reloader-app.js:196
[   55552ms] [LOG] [Fast Refresh] done in 1405ms @ webpack-internal:///(app-pages-browser)/./node_modules/.pnpm/next@15.5.19_react-dom@19.2.7_react@19.2.7__react@19.2.7/node_modules/next/dist/client/dev/report-hmr-latency.js:13
[   55565ms] [LOG] [Fast Refresh] rebuilding @ webpack-internal:///(app-pages-browser)/./node_modules/.pnpm/next@15.5.19_react-dom@19.2.7_react@19.2.7__react@19.2.7/node_modules/next/dist/client/dev/hot-reloader/app/hot-reloader-app.js:196
[   56555ms] [LOG] [Fast Refresh] done in 990ms @ webpack-internal:///(app-pages-browser)/./node_modules/.pnpm/next@15.5.19_react-dom@19.2.7_react@19.2.7__react@19.2.7/node_modules/next/dist/client/dev/report-hmr-latency.js:13
[   56566ms] [LOG] [Fast Refresh] rebuilding @ webpack-internal:///(app-pages-browser)/./node_modules/.pnpm/next@15.5.19_react-dom@19.2.7_react@19.2.7__react@19.2.7/node_modules/next/dist/client/dev/hot-reloader/app/hot-reloader-app.js:196
[   58342ms] [LOG] [Fast Refresh] done in 1775ms @ webpack-internal:///(app-pages-browser)/./node_modules/.pnpm/next@15.5.19_react-dom@19.2.7_react@19.2.7__react@19.2.7/node_modules/next/dist/client/dev/report-hmr-latency.js:13
[   58351ms] [LOG] [Fast Refresh] rebuilding @ webpack-internal:///(app-pages-browser)/./node_modules/.pnpm/next@15.5.19_react-dom@19.2.7_react@19.2.7__react@19.2.7/node_modules/next/dist/client/dev/hot-reloader/app/hot-reloader-app.js:196
[   59161ms] [LOG] [Fast Refresh] done in 810ms @ webpack-internal:///(app-pages-browser)/./node_modules/.pnpm/next@15.5.19_react-dom@19.2.7_react@19.2.7__react@19.2.7/node_modules/next/dist/client/dev/report-hmr-latency.js:13
[   59172ms] [LOG] [Fast Refresh] rebuilding @ webpack-internal:///(app-pages-browser)/./node_modules/.pnpm/next@15.5.19_react-dom@19.2.7_react@19.2.7__react@19.2.7/node_modules/next/dist/client/dev/hot-reloader/app/hot-reloader-app.js:196
[   60215ms] [LOG] [Fast Refresh] done in 1044ms @ webpack-internal:///(app-pages-browser)/./node_modules/.pnpm/next@15.5.19_react-dom@19.2.7_react@19.2.7__react@19.2.7/node_modules/next/dist/client/dev/report-hmr-latency.js:13
[   60222ms] [LOG] [Fast Refresh] rebuilding @ webpack-internal:///(app-pages-browser)/./node_modules/.pnpm/next@15.5.19_react-dom@19.2.7_react@19.2.7__react@19.2.7/node_modules/next/dist/client/dev/hot-reloader/app/hot-reloader-app.js:196
[   61117ms] [LOG] [Fast Refresh] done in 894ms @ webpack-internal:///(app-pages-browser)/./node_modules/.pnpm/next@15.5.19_react-dom@19.2.7_react@19.2.7__react@19.2.7/node_modules/next/dist/client/dev/report-hmr-latency.js:13
[   61131ms] [LOG] [Fast Refresh] rebuilding @ webpack-internal:///(app-pages-browser)/./node_modules/.pnpm/next@15.5.19_react-dom@19.2.7_react@19.2.7__react@19.2.7/node_modules/next/dist/client/dev/hot-reloader/app/hot-reloader-app.js:196
[   62171ms] [LOG] [Fast Refresh] done in 1041ms @ webpack-internal:///(app-pages-browser)/./node_modules/.pnpm/next@15.5.19_react-dom@19.2.7_react@19.2.7__react@19.2.7/node_modules/next/dist/client/dev/report-hmr-latency.js:13
[   62183ms] [LOG] [Fast Refresh] rebuilding @ webpack-internal:///(app-pages-browser)/./node_modules/.pnpm/next@15.5.19_react-dom@19.2.7_react@19.2.7__react@19.2.7/node_modules/next/dist/client/dev/hot-reloader/app/hot-reloader-app.js:196
[   63392ms] [LOG] [Fast Refresh] done in 1208ms @ webpack-internal:///(app-pages-browser)/./node_modules/.pnpm/next@15.5.19_react-dom@19.2.7_react@19.2.7__react@19.2.7/node_modules/next/dist/client/dev/report-hmr-latency.js:13
[   63401ms] [LOG] [Fast Refresh] rebuilding @ webpack-internal:///(app-pages-browser)/./node_modules/.pnpm/next@15.5.19_react-dom@19.2.7_react@19.2.7__react@19.2.7/node_modules/next/dist/client/dev/hot-reloader/app/hot-reloader-app.js:196
[   64347ms] [LOG] [Fast Refresh] done in 947ms @ webpack-internal:///(app-pages-browser)/./node_modules/.pnpm/next@15.5.19_react-dom@19.2.7_react@19.2.7__react@19.2.7/node_modules/next/dist/client/dev/report-hmr-latency.js:13
[   64357ms] [LOG] [Fast Refresh] rebuilding @ webpack-internal:///(app-pages-browser)/./node_modules/.pnpm/next@15.5.19_react-dom@19.2.7_react@19.2.7__react@19.2.7/node_modules/next/dist/client/dev/hot-reloader/app/hot-reloader-app.js:196
[   65739ms] [LOG] [Fast Refresh] done in 1381ms @ webpack-internal:///(app-pages-browser)/./node_modules/.pnpm/next@15.5.19_react-dom@19.2.7_react@19.2.7__react@19.2.7/node_modules/next/dist/client/dev/report-hmr-latency.js:13
[   65751ms] [LOG] [Fast Refresh] rebuilding @ webpack-internal:///(app-pages-browser)/./node_modules/.pnpm/next@15.5.19_react-dom@19.2.7_react@19.2.7__react@19.2.7/node_modules/next/dist/client/dev/hot-reloader/app/hot-reloader-app.js:196
[   68631ms] [LOG] [Fast Refresh] done in 2881ms @ webpack-internal:///(app-pages-browser)/./node_modules/.pnpm/next@15.5.19_react-dom@19.2.7_react@19.2.7__react@19.2.7/node_modules/next/dist/client/dev/report-hmr-latency.js:13
[   68646ms] [LOG] [Fast Refresh] rebuilding @ webpack-internal:///(app-pages-browser)/./node_modules/.pnpm/next@15.5.19_react-dom@19.2.7_react@19.2.7__react@19.2.7/node_modules/next/dist/client/dev/hot-reloader/app/hot-reloader-app.js:196
[   69469ms] [LOG] [Fast Refresh] done in 822ms @ webpack-internal:///(app-pages-browser)/./node_modules/.pnpm/next@15.5.19_react-dom@19.2.7_react@19.2.7__react@19.2.7/node_modules/next/dist/client/dev/report-hmr-latency.js:13
[   69482ms] [LOG] [Fast Refresh] rebuilding @ webpack-internal:///(app-pages-browser)/./node_modules/.pnpm/next@15.5.19_react-dom@19.2.7_react@19.2.7__react@19.2.7/node_modules/next/dist/client/dev/hot-reloader/app/hot-reloader-app.js:196
[   70335ms] [LOG] [Fast Refresh] done in 853ms @ webpack-internal:///(app-pages-browser)/./node_modules/.pnpm/next@15.5.19_react-dom@19.2.7_react@19.2.7__react@19.2.7/node_modules/next/dist/client/dev/report-hmr-latency.js:13
[   70345ms] [LOG] [Fast Refresh] rebuilding @ webpack-internal:///(app-pages-browser)/./node_modules/.pnpm/next@15.5.19_react-dom@19.2.7_react@19.2.7__react@19.2.7/node_modules/next/dist/client/dev/hot-reloader/app/hot-reloader-app.js:196
[   71154ms] [LOG] [Fast Refresh] done in 809ms @ webpack-internal:///(app-pages-browser)/./node_modules/.pnpm/next@15.5.19_react-dom@19.2.7_react@19.2.7__react@19.2.7/node_modules/next/dist/client/dev/report-hmr-latency.js:13
[   71162ms] [LOG] [Fast Refresh] rebuilding @ webpack-internal:///(app-pages-browser)/./node_modules/.pnpm/next@15.5.19_react-dom@19.2.7_react@19.2.7__react@19.2.7/node_modules/next/dist/client/dev/hot-reloader/app/hot-reloader-app.js:196
[   72216ms] [LOG] [Fast Refresh] done in 1054ms @ webpack-internal:///(app-pages-browser)/./node_modules/.pnpm/next@15.5.19_react-dom@19.2.7_react@19.2.7__react@19.2.7/node_modules/next/dist/client/dev/report-hmr-latency.js:13
[   72226ms] [LOG] [Fast Refresh] rebuilding @ webpack-internal:///(app-pages-browser)/./node_modules/.pnpm/next@15.5.19_react-dom@19.2.7_react@19.2.7__react@19.2.7/node_modules/next/dist/client/dev/hot-reloader/app/hot-reloader-app.js:196
[   73292ms] [LOG] [Fast Refresh] done in 1065ms @ webpack-internal:///(app-pages-browser)/./node_modules/.pnpm/next@15.5.19_react-dom@19.2.7_react@19.2.7__react@19.2.7/node_modules/next/dist/client/dev/report-hmr-latency.js:13
[   73299ms] [LOG] [Fast Refresh] rebuilding @ webpack-internal:///(app-pages-browser)/./node_modules/.pnpm/next@15.5.19_react-dom@19.2.7_react@19.2.7__react@19.2.7/node_modules/next/dist/client/dev/hot-reloader/app/hot-reloader-app.js:196
[   74165ms] [LOG] [Fast Refresh] done in 866ms @ webpack-internal:///(app-pages-browser)/./node_modules/.pnpm/next@15.5.19_react-dom@19.2.7_react@19.2.7__react@19.2.7/node_modules/next/dist/client/dev/report-hmr-latency.js:13
[   74183ms] [LOG] [Fast Refresh] rebuilding @ webpack-internal:///(app-pages-browser)/./node_modules/.pnpm/next@15.5.19_react-dom@19.2.7_react@19.2.7__react@19.2.7/node_modules/next/dist/client/dev/hot-reloader/app/hot-reloader-app.js:196
[   75004ms] [LOG] [Fast Refresh] done in 820ms @ webpack-internal:///(app-pages-browser)/./node_modules/.pnpm/next@15.5.19_react-dom@19.2.7_react@19.2.7__react@19.2.7/node_modules/next/dist/client/dev/report-hmr-latency.js:13
[   75023ms] [LOG] [Fast Refresh] rebuilding @ webpack-internal:///(app-pages-browser)/./node_modules/.pnpm/next@15.5.19_react-dom@19.2.7_react@19.2.7__react@19.2.7/node_modules/next/dist/client/dev/hot-reloader/app/hot-reloader-app.js:196
[   75766ms] [LOG] [Fast Refresh] done in 742ms @ webpack-internal:///(app-pages-browser)/./node_modules/.pnpm/next@15.5.19_react-dom@19.2.7_react@19.2.7__react@19.2.7/node_modules/next/dist/client/dev/report-hmr-latency.js:13
[   75777ms] [LOG] [Fast Refresh] rebuilding @ webpack-internal:///(app-pages-browser)/./node_modules/.pnpm/next@15.5.19_react-dom@19.2.7_react@19.2.7__react@19.2.7/node_modules/next/dist/client/dev/hot-reloader/app/hot-reloader-app.js:196
[   76559ms] [LOG] [Fast Refresh] done in 783ms @ webpack-internal:///(app-pages-browser)/./node_modules/.pnpm/next@15.5.19_react-dom@19.2.7_react@19.2.7__react@19.2.7/node_modules/next/dist/client/dev/report-hmr-latency.js:13
[   76568ms] [LOG] [Fast Refresh] rebuilding @ webpack-internal:///(app-pages-browser)/./node_modules/.pnpm/next@15.5.19_react-dom@19.2.7_react@19.2.7__react@19.2.7/node_modules/next/dist/client/dev/hot-reloader/app/hot-reloader-app.js:196
[   77449ms] [LOG] [Fast Refresh] done in 882ms @ webpack-internal:///(app-pages-browser)/./node_modules/.pnpm/next@15.5.19_react-dom@19.2.7_react@19.2.7__react@19.2.7/node_modules/next/dist/client/dev/report-hmr-latency.js:13
[   77458ms] [LOG] [Fast Refresh] rebuilding @ webpack-internal:///(app-pages-browser)/./node_modules/.pnpm/next@15.5.19_react-dom@19.2.7_react@19.2.7__react@19.2.7/node_modules/next/dist/client/dev/hot-reloader/app/hot-reloader-app.js:196
[   78346ms] [LOG] [Fast Refresh] done in 888ms @ webpack-internal:///(app-pages-browser)/./node_modules/.pnpm/next@15.5.19_react-dom@19.2.7_react@19.2.7__react@19.2.7/node_modules/next/dist/client/dev/report-hmr-latency.js:13
[   78356ms] [LOG] [Fast Refresh] rebuilding @ webpack-internal:///(app-pages-browser)/./node_modules/.pnpm/next@15.5.19_react-dom@19.2.7_react@19.2.7__react@19.2.7/node_modules/next/dist/client/dev/hot-reloader/app/hot-reloader-app.js:196
[   79101ms] [LOG] [Fast Refresh] done in 744ms @ webpack-internal:///(app-pages-browser)/./node_modules/.pnpm/next@15.5.19_react-dom@19.2.7_react@19.2.7__react@19.2.7/node_modules/next/dist/client/dev/report-hmr-latency.js:13
[   79117ms] [LOG] [Fast Refresh] rebuilding @ webpack-internal:///(app-pages-browser)/./node_modules/.pnpm/next@15.5.19_react-dom@19.2.7_react@19.2.7__react@19.2.7/node_modules/next/dist/client/dev/hot-reloader/app/hot-reloader-app.js:196
[   79806ms] [LOG] [Fast Refresh] done in 689ms @ webpack-internal:///(app-pages-browser)/./node_modules/.pnpm/next@15.5.19_react-dom@19.2.7_react@19.2.7__react@19.2.7/node_modules/next/dist/client/dev/report-hmr-latency.js:13
[   79816ms] [LOG] [Fast Refresh] rebuilding @ webpack-internal:///(app-pages-browser)/./node_modules/.pnpm/next@15.5.19_react-dom@19.2.7_react@19.2.7__react@19.2.7/node_modules/next/dist/client/dev/hot-reloader/app/hot-reloader-app.js:196
[   80506ms] [LOG] [Fast Refresh] done in 690ms @ webpack-internal:///(app-pages-browser)/./node_modules/.pnpm/next@15.5.19_react-dom@19.2.7_react@19.2.7__react@19.2.7/node_modules/next/dist/client/dev/report-hmr-latency.js:13
[   80514ms] [LOG] [Fast Refresh] rebuilding @ webpack-internal:///(app-pages-browser)/./node_modules/.pnpm/next@15.5.19_react-dom@19.2.7_react@19.2.7__react@19.2.7/node_modules/next/dist/client/dev/hot-reloader/app/hot-reloader-app.js:196
[   81198ms] [LOG] [Fast Refresh] done in 685ms @ webpack-internal:///(app-pages-browser)/./node_modules/.pnpm/next@15.5.19_react-dom@19.2.7_react@19.2.7__react@19.2.7/node_modules/next/dist/client/dev/report-hmr-latency.js:13
[   81206ms] [LOG] [Fast Refresh] rebuilding @ webpack-internal:///(app-pages-browser)/./node_modules/.pnpm/next@15.5.19_react-dom@19.2.7_react@19.2.7__react@19.2.7/node_modules/next/dist/client/dev/hot-reloader/app/hot-reloader-app.js:196
[   81948ms] [LOG] [Fast Refresh] done in 741ms @ webpack-internal:///(app-pages-browser)/./node_modules/.pnpm/next@15.5.19_react-dom@19.2.7_react@19.2.7__react@19.2.7/node_modules/next/dist/client/dev/report-hmr-latency.js:13
[   81958ms] [LOG] [Fast Refresh] rebuilding @ webpack-internal:///(app-pages-browser)/./node_modules/.pnpm/next@15.5.19_react-dom@19.2.7_react@19.2.7__react@19.2.7/node_modules/next/dist/client/dev/hot-reloader/app/hot-reloader-app.js:196
[   83751ms] [LOG] [Fast Refresh] done in 1793ms @ webpack-internal:///(app-pages-browser)/./node_modules/.pnpm/next@15.5.19_react-dom@19.2.7_react@19.2.7__react@19.2.7/node_modules/next/dist/client/dev/report-hmr-latency.js:13
[   83758ms] [LOG] [Fast Refresh] rebuilding @ webpack-internal:///(app-pages-browser)/./node_modules/.pnpm/next@15.5.19_react-dom@19.2.7_react@19.2.7__react@19.2.7/node_modules/next/dist/client/dev/hot-reloader/app/hot-reloader-app.js:196
[   84541ms] [LOG] [Fast Refresh] done in 783ms @ webpack-internal:///(app-pages-browser)/./node_modules/.pnpm/next@15.5.19_react-dom@19.2.7_react@19.2.7__react@19.2.7/node_modules/next/dist/client/dev/report-hmr-latency.js:13
[   84549ms] [LOG] [Fast Refresh] rebuilding @ webpack-internal:///(app-pages-browser)/./node_modules/.pnpm/next@15.5.19_react-dom@19.2.7_react@19.2.7__react@19.2.7/node_modules/next/dist/client/dev/hot-reloader/app/hot-reloader-app.js:196
[   85859ms] [LOG] [Fast Refresh] done in 1311ms @ webpack-internal:///(app-pages-browser)/./node_modules/.pnpm/next@15.5.19_react-dom@19.2.7_react@19.2.7__react@19.2.7/node_modules/next/dist/client/dev/report-hmr-latency.js:13
[   85867ms] [LOG] [Fast Refresh] rebuilding @ webpack-internal:///(app-pages-browser)/./node_modules/.pnpm/next@15.5.19_react-dom@19.2.7_react@19.2.7__react@19.2.7/node_modules/next/dist/client/dev/hot-reloader/app/hot-reloader-app.js:196
[   87761ms] [LOG] [Fast Refresh] done in 1894ms @ webpack-internal:///(app-pages-browser)/./node_modules/.pnpm/next@15.5.19_react-dom@19.2.7_react@19.2.7__react@19.2.7/node_modules/next/dist/client/dev/report-hmr-latency.js:13
[   87822ms] [LOG] [Fast Refresh] rebuilding @ webpack-internal:///(app-pages-browser)/./node_modules/.pnpm/next@15.5.19_react-dom@19.2.7_react@19.2.7__react@19.2.7/node_modules/next/dist/client/dev/hot-reloader/app/hot-reloader-app.js:196
[   88748ms] [LOG] [Fast Refresh] done in 926ms @ webpack-internal:///(app-pages-browser)/./node_modules/.pnpm/next@15.5.19_react-dom@19.2.7_react@19.2.7__react@19.2.7/node_modules/next/dist/client/dev/report-hmr-latency.js:13
[   88757ms] [LOG] [Fast Refresh] rebuilding @ webpack-internal:///(app-pages-browser)/./node_modules/.pnpm/next@15.5.19_react-dom@19.2.7_react@19.2.7__react@19.2.7/node_modules/next/dist/client/dev/hot-reloader/app/hot-reloader-app.js:196
[   90010ms] [LOG] [Fast Refresh] done in 1253ms @ webpack-internal:///(app-pages-browser)/./node_modules/.pnpm/next@15.5.19_react-dom@19.2.7_react@19.2.7__react@19.2.7/node_modules/next/dist/client/dev/report-hmr-latency.js:13
[   90018ms] [LOG] [Fast Refresh] rebuilding @ webpack-internal:///(app-pages-browser)/./node_modules/.pnpm/next@15.5.19_react-dom@19.2.7_react@19.2.7__react@19.2.7/node_modules/next/dist/client/dev/hot-reloader/app/hot-reloader-app.js:196
[   90947ms] [LOG] [Fast Refresh] done in 929ms @ webpack-internal:///(app-pages-browser)/./node_modules/.pnpm/next@15.5.19_react-dom@19.2.7_react@19.2.7__react@19.2.7/node_modules/next/dist/client/dev/report-hmr-latency.js:13
[   90954ms] [LOG] [Fast Refresh] rebuilding @ webpack-internal:///(app-pages-browser)/./node_modules/.pnpm/next@15.5.19_react-dom@19.2.7_react@19.2.7__react@19.2.7/node_modules/next/dist/client/dev/hot-reloader/app/hot-reloader-app.js:196
[   92012ms] [LOG] [Fast Refresh] done in 1059ms @ webpack-internal:///(app-pages-browser)/./node_modules/.pnpm/next@15.5.19_react-dom@19.2.7_react@19.2.7__react@19.2.7/node_modules/next/dist/client/dev/report-hmr-latency.js:13
[   92021ms] [LOG] [Fast Refresh] rebuilding @ webpack-internal:///(app-pages-browser)/./node_modules/.pnpm/next@15.5.19_react-dom@19.2.7_react@19.2.7__react@19.2.7/node_modules/next/dist/client/dev/hot-reloader/app/hot-reloader-app.js:196
[   93093ms] [LOG] [Fast Refresh] done in 1073ms @ webpack-internal:///(app-pages-browser)/./node_modules/.pnpm/next@15.5.19_react-dom@19.2.7_react@19.2.7__react@19.2.7/node_modules/next/dist/client/dev/report-hmr-latency.js:13
[   93098ms] [LOG] [Fast Refresh] rebuilding @ webpack-internal:///(app-pages-browser)/./node_modules/.pnpm/next@15.5.19_react-dom@19.2.7_react@19.2.7__react@19.2.7/node_modules/next/dist/client/dev/hot-reloader/app/hot-reloader-app.js:196
[   94083ms] [LOG] [Fast Refresh] done in 985ms @ webpack-internal:///(app-pages-browser)/./node_modules/.pnpm/next@15.5.19_react-dom@19.2.7_react@19.2.7__react@19.2.7/node_modules/next/dist/client/dev/report-hmr-latency.js:13
[   94097ms] [LOG] [Fast Refresh] rebuilding @ webpack-internal:///(app-pages-browser)/./node_modules/.pnpm/next@15.5.19_react-dom@19.2.7_react@19.2.7__react@19.2.7/node_modules/next/dist/client/dev/hot-reloader/app/hot-reloader-app.js:196
[   95027ms] [LOG] [Fast Refresh] done in 931ms @ webpack-internal:///(app-pages-browser)/./node_modules/.pnpm/next@15.5.19_react-dom@19.2.7_react@19.2.7__react@19.2.7/node_modules/next/dist/client/dev/report-hmr-latency.js:13
[   95033ms] [LOG] [Fast Refresh] rebuilding @ webpack-internal:///(app-pages-browser)/./node_modules/.pnpm/next@15.5.19_react-dom@19.2.7_react@19.2.7__react@19.2.7/node_modules/next/dist/client/dev/hot-reloader/app/hot-reloader-app.js:196
[   95961ms] [LOG] [Fast Refresh] done in 929ms @ webpack-internal:///(app-pages-browser)/./node_modules/.pnpm/next@15.5.19_react-dom@19.2.7_react@19.2.7__react@19.2.7/node_modules/next/dist/client/dev/report-hmr-latency.js:13
[   95968ms] [LOG] [Fast Refresh] rebuilding @ webpack-internal:///(app-pages-browser)/./node_modules/.pnpm/next@15.5.19_react-dom@19.2.7_react@19.2.7__react@19.2.7/node_modules/next/dist/client/dev/hot-reloader/app/hot-reloader-app.js:196
[   96913ms] [LOG] [Fast Refresh] done in 944ms @ webpack-internal:///(app-pages-browser)/./node_modules/.pnpm/next@15.5.19_react-dom@19.2.7_react@19.2.7__react@19.2.7/node_modules/next/dist/client/dev/report-hmr-latency.js:13
[   96920ms] [LOG] [Fast Refresh] rebuilding @ webpack-internal:///(app-pages-browser)/./node_modules/.pnpm/next@15.5.19_react-dom@19.2.7_react@19.2.7__react@19.2.7/node_modules/next/dist/client/dev/hot-reloader/app/hot-reloader-app.js:196
[   97969ms] [LOG] [Fast Refresh] done in 1050ms @ webpack-internal:///(app-pages-browser)/./node_modules/.pnpm/next@15.5.19_react-dom@19.2.7_react@19.2.7__react@19.2.7/node_modules/next/dist/client/dev/report-hmr-latency.js:13
[   97983ms] [LOG] [Fast Refresh] rebuilding @ webpack-internal:///(app-pages-browser)/./node_modules/.pnpm/next@15.5.19_react-dom@19.2.7_react@19.2.7__react@19.2.7/node_modules/next/dist/client/dev/hot-reloader/app/hot-reloader-app.js:196
[   99316ms] [LOG] [Fast Refresh] done in 1333ms @ webpack-internal:///(app-pages-browser)/./node_modules/.pnpm/next@15.5.19_react-dom@19.2.7_react@19.2.7__react@19.2.7/node_modules/next/dist/client/dev/report-hmr-latency.js:13
[   99330ms] [LOG] [Fast Refresh] rebuilding @ webpack-internal:///(app-pages-browser)/./node_modules/.pnpm/next@15.5.19_react-dom@19.2.7_react@19.2.7__react@19.2.7/node_modules/next/dist/client/dev/hot-reloader/app/hot-reloader-app.js:196
[  100513ms] [LOG] [Fast Refresh] done in 1184ms @ webpack-internal:///(app-pages-browser)/./node_modules/.pnpm/next@15.5.19_react-dom@19.2.7_react@19.2.7__react@19.2.7/node_modules/next/dist/client/dev/report-hmr-latency.js:13
[  100519ms] [LOG] [Fast Refresh] rebuilding @ webpack-internal:///(app-pages-browser)/./node_modules/.pnpm/next@15.5.19_react-dom@19.2.7_react@19.2.7__react@19.2.7/node_modules/next/dist/client/dev/hot-reloader/app/hot-reloader-app.js:196
[  101517ms] [LOG] [Fast Refresh] done in 997ms @ webpack-internal:///(app-pages-browser)/./node_modules/.pnpm/next@15.5.19_react-dom@19.2.7_react@19.2.7__react@19.2.7/node_modules/next/dist/client/dev/report-hmr-latency.js:13
[  101531ms] [LOG] [Fast Refresh] rebuilding @ webpack-internal:///(app-pages-browser)/./node_modules/.pnpm/next@15.5.19_react-dom@19.2.7_react@19.2.7__react@19.2.7/node_modules/next/dist/client/dev/hot-reloader/app/hot-reloader-app.js:196
[  102645ms] [LOG] [Fast Refresh] done in 1114ms @ webpack-internal:///(app-pages-browser)/./node_modules/.pnpm/next@15.5.19_react-dom@19.2.7_react@19.2.7__react@19.2.7/node_modules/next/dist/client/dev/report-hmr-latency.js:13
[  102650ms] [LOG] [Fast Refresh] rebuilding @ webpack-internal:///(app-pages-browser)/./node_modules/.pnpm/next@15.5.19_react-dom@19.2.7_react@19.2.7__react@19.2.7/node_modules/next/dist/client/dev/hot-reloader/app/hot-reloader-app.js:196
[  103700ms] [LOG] [Fast Refresh] done in 1051ms @ webpack-internal:///(app-pages-browser)/./node_modules/.pnpm/next@15.5.19_react-dom@19.2.7_react@19.2.7__react@19.2.7/node_modules/next/dist/client/dev/report-hmr-latency.js:13
[  103714ms] [LOG] [Fast Refresh] rebuilding @ webpack-internal:///(app-pages-browser)/./node_modules/.pnpm/next@15.5.19_react-dom@19.2.7_react@19.2.7__react@19.2.7/node_modules/next/dist/client/dev/hot-reloader/app/hot-reloader-app.js:196
[  105077ms] [LOG] [Fast Refresh] done in 1362ms @ webpack-internal:///(app-pages-browser)/./node_modules/.pnpm/next@15.5.19_react-dom@19.2.7_react@19.2.7__react@19.2.7/node_modules/next/dist/client/dev/report-hmr-latency.js:13
[  105082ms] [LOG] [Fast Refresh] rebuilding @ webpack-internal:///(app-pages-browser)/./node_modules/.pnpm/next@15.5.19_react-dom@19.2.7_react@19.2.7__react@19.2.7/node_modules/next/dist/client/dev/hot-reloader/app/hot-reloader-app.js:196
[  106127ms] [LOG] [Fast Refresh] done in 1044ms @ webpack-internal:///(app-pages-browser)/./node_modules/.pnpm/next@15.5.19_react-dom@19.2.7_react@19.2.7__react@19.2.7/node_modules/next/dist/client/dev/report-hmr-latency.js:13
[  106133ms] [LOG] [Fast Refresh] rebuilding @ webpack-internal:///(app-pages-browser)/./node_modules/.pnpm/next@15.5.19_react-dom@19.2.7_react@19.2.7__react@19.2.7/node_modules/next/dist/client/dev/hot-reloader/app/hot-reloader-app.js:196
[  107179ms] [LOG] [Fast Refresh] done in 1047ms @ webpack-internal:///(app-pages-browser)/./node_modules/.pnpm/next@15.5.19_react-dom@19.2.7_react@19.2.7__react@19.2.7/node_modules/next/dist/client/dev/report-hmr-latency.js:13
[  107186ms] [LOG] [Fast Refresh] rebuilding @ webpack-internal:///(app-pages-browser)/./node_modules/.pnpm/next@15.5.19_react-dom@19.2.7_react@19.2.7__react@19.2.7/node_modules/next/dist/client/dev/hot-reloader/app/hot-reloader-app.js:196
[  108912ms] [LOG] [Fast Refresh] done in 1726ms @ webpack-internal:///(app-pages-browser)/./node_modules/.pnpm/next@15.5.19_react-dom@19.2.7_react@19.2.7__react@19.2.7/node_modules/next/dist/client/dev/report-hmr-latency.js:13
[  108918ms] [LOG] [Fast Refresh] rebuilding @ webpack-internal:///(app-pages-browser)/./node_modules/.pnpm/next@15.5.19_react-dom@19.2.7_react@19.2.7__react@19.2.7/node_modules/next/dist/client/dev/hot-reloader/app/hot-reloader-app.js:196
[  110066ms] [LOG] [Fast Refresh] done in 1148ms @ webpack-internal:///(app-pages-browser)/./node_modules/.pnpm/next@15.5.19_react-dom@19.2.7_react@19.2.7__react@19.2.7/node_modules/next/dist/client/dev/report-hmr-latency.js:13
[  110081ms] [LOG] [Fast Refresh] rebuilding @ webpack-internal:///(app-pages-browser)/./node_modules/.pnpm/next@15.5.19_react-dom@19.2.7_react@19.2.7__react@19.2.7/node_modules/next/dist/client/dev/hot-reloader/app/hot-reloader-app.js:196
[  111241ms] [LOG] [Fast Refresh] done in 1160ms @ webpack-internal:///(app-pages-browser)/./node_modules/.pnpm/next@15.5.19_react-dom@19.2.7_react@19.2.7__react@19.2.7/node_modules/next/dist/client/dev/report-hmr-latency.js:13
[  111247ms] [LOG] [Fast Refresh] rebuilding @ webpack-internal:///(app-pages-browser)/./node_modules/.pnpm/next@15.5.19_react-dom@19.2.7_react@19.2.7__react@19.2.7/node_modules/next/dist/client/dev/hot-reloader/app/hot-reloader-app.js:196
[  112212ms] [LOG] [Fast Refresh] done in 964ms @ webpack-internal:///(app-pages-browser)/./node_modules/.pnpm/next@15.5.19_react-dom@19.2.7_react@19.2.7__react@19.2.7/node_modules/next/dist/client/dev/report-hmr-latency.js:13
[  112219ms] [LOG] [Fast Refresh] rebuilding @ webpack-internal:///(app-pages-browser)/./node_modules/.pnpm/next@15.5.19_react-dom@19.2.7_react@19.2.7__react@19.2.7/node_modules/next/dist/client/dev/hot-reloader/app/hot-reloader-app.js:196
[  113234ms] [LOG] [Fast Refresh] done in 1014ms @ webpack-internal:///(app-pages-browser)/./node_modules/.pnpm/next@15.5.19_react-dom@19.2.7_react@19.2.7__react@19.2.7/node_modules/next/dist/client/dev/report-hmr-latency.js:13
[  113250ms] [LOG] [Fast Refresh] rebuilding @ webpack-internal:///(app-pages-browser)/./node_modules/.pnpm/next@15.5.19_react-dom@19.2.7_react@19.2.7__react@19.2.7/node_modules/next/dist/client/dev/hot-reloader/app/hot-reloader-app.js:196
[  114162ms] [LOG] [Fast Refresh] done in 912ms @ webpack-internal:///(app-pages-browser)/./node_modules/.pnpm/next@15.5.19_react-dom@19.2.7_react@19.2.7__react@19.2.7/node_modules/next/dist/client/dev/report-hmr-latency.js:13
[  114168ms] [LOG] [Fast Refresh] rebuilding @ webpack-internal:///(app-pages-browser)/./node_modules/.pnpm/next@15.5.19_react-dom@19.2.7_react@19.2.7__react@19.2.7/node_modules/next/dist/client/dev/hot-reloader/app/hot-reloader-app.js:196
[  115141ms] [LOG] [Fast Refresh] done in 974ms @ webpack-internal:///(app-pages-browser)/./node_modules/.pnpm/next@15.5.19_react-dom@19.2.7_react@19.2.7__react@19.2.7/node_modules/next/dist/client/dev/report-hmr-latency.js:13
[  115146ms] [LOG] [Fast Refresh] rebuilding @ webpack-internal:///(app-pages-browser)/./node_modules/.pnpm/next@15.5.19_react-dom@19.2.7_react@19.2.7__react@19.2.7/node_modules/next/dist/client/dev/hot-reloader/app/hot-reloader-app.js:196
[  116043ms] [LOG] [Fast Refresh] done in 898ms @ webpack-internal:///(app-pages-browser)/./node_modules/.pnpm/next@15.5.19_react-dom@19.2.7_react@19.2.7__react@19.2.7/node_modules/next/dist/client/dev/report-hmr-latency.js:13
[  116049ms] [LOG] [Fast Refresh] rebuilding @ webpack-internal:///(app-pages-browser)/./node_modules/.pnpm/next@15.5.19_react-dom@19.2.7_react@19.2.7__react@19.2.7/node_modules/next/dist/client/dev/hot-reloader/app/hot-reloader-app.js:196
[  116968ms] [LOG] [Fast Refresh] done in 919ms @ webpack-internal:///(app-pages-browser)/./node_modules/.pnpm/next@15.5.19_react-dom@19.2.7_react@19.2.7__react@19.2.7/node_modules/next/dist/client/dev/report-hmr-latency.js:13
[  116981ms] [LOG] [Fast Refresh] rebuilding @ webpack-internal:///(app-pages-browser)/./node_modules/.pnpm/next@15.5.19_react-dom@19.2.7_react@19.2.7__react@19.2.7/node_modules/next/dist/client/dev/hot-reloader/app/hot-reloader-app.js:196
[  117907ms] [LOG] [Fast Refresh] done in 927ms @ webpack-internal:///(app-pages-browser)/./node_modules/.pnpm/next@15.5.19_react-dom@19.2.7_react@19.2.7__react@19.2.7/node_modules/next/dist/client/dev/report-hmr-latency.js:13
[  117913ms] [LOG] [Fast Refresh] rebuilding @ webpack-internal:///(app-pages-browser)/./node_modules/.pnpm/next@15.5.19_react-dom@19.2.7_react@19.2.7__react@19.2.7/node_modules/next/dist/client/dev/hot-reloader/app/hot-reloader-app.js:196
[  118812ms] [LOG] [Fast Refresh] done in 899ms @ webpack-internal:///(app-pages-browser)/./node_modules/.pnpm/next@15.5.19_react-dom@19.2.7_react@19.2.7__react@19.2.7/node_modules/next/dist/client/dev/report-hmr-latency.js:13
[  118819ms] [LOG] [Fast Refresh] rebuilding @ webpack-internal:///(app-pages-browser)/./node_modules/.pnpm/next@15.5.19_react-dom@19.2.7_react@19.2.7__react@19.2.7/node_modules/next/dist/client/dev/hot-reloader/app/hot-reloader-app.js:196
[  119910ms] [LOG] [Fast Refresh] done in 1090ms @ webpack-internal:///(app-pages-browser)/./node_modules/.pnpm/next@15.5.19_react-dom@19.2.7_react@19.2.7__react@19.2.7/node_modules/next/dist/client/dev/report-hmr-latency.js:13
[  119918ms] [LOG] [Fast Refresh] rebuilding @ webpack-internal:///(app-pages-browser)/./node_modules/.pnpm/next@15.5.19_react-dom@19.2.7_react@19.2.7__react@19.2.7/node_modules/next/dist/client/dev/hot-reloader/app/hot-reloader-app.js:196
[  120846ms] [LOG] [Fast Refresh] done in 929ms @ webpack-internal:///(app-pages-browser)/./node_modules/.pnpm/next@15.5.19_react-dom@19.2.7_react@19.2.7__react@19.2.7/node_modules/next/dist/client/dev/report-hmr-latency.js:13
[  120860ms] [LOG] [Fast Refresh] rebuilding @ webpack-internal:///(app-pages-browser)/./node_modules/.pnpm/next@15.5.19_react-dom@19.2.7_react@19.2.7__react@19.2.7/node_modules/next/dist/client/dev/hot-reloader/app/hot-reloader-app.js:196
[  121775ms] [LOG] [Fast Refresh] done in 916ms @ webpack-internal:///(app-pages-browser)/./node_modules/.pnpm/next@15.5.19_react-dom@19.2.7_react@19.2.7__react@19.2.7/node_modules/next/dist/client/dev/report-hmr-latency.js:13
[  121780ms] [LOG] [Fast Refresh] rebuilding @ webpack-internal:///(app-pages-browser)/./node_modules/.pnpm/next@15.5.19_react-dom@19.2.7_react@19.2.7__react@19.2.7/node_modules/next/dist/client/dev/hot-reloader/app/hot-reloader-app.js:196
[  122797ms] [LOG] [Fast Refresh] done in 1017ms @ webpack-internal:///(app-pages-browser)/./node_modules/.pnpm/next@15.5.19_react-dom@19.2.7_react@19.2.7__react@19.2.7/node_modules/next/dist/client/dev/report-hmr-latency.js:13
[  122811ms] [LOG] [Fast Refresh] rebuilding @ webpack-internal:///(app-pages-browser)/./node_modules/.pnpm/next@15.5.19_react-dom@19.2.7_react@19.2.7__react@19.2.7/node_modules/next/dist/client/dev/hot-reloader/app/hot-reloader-app.js:196
[  123862ms] [LOG] [Fast Refresh] done in 1050ms @ webpack-internal:///(app-pages-browser)/./node_modules/.pnpm/next@15.5.19_react-dom@19.2.7_react@19.2.7__react@19.2.7/node_modules/next/dist/client/dev/report-hmr-latency.js:13
[  123877ms] [LOG] [Fast Refresh] rebuilding @ webpack-internal:///(app-pages-browser)/./node_modules/.pnpm/next@15.5.19_react-dom@19.2.7_react@19.2.7__react@19.2.7/node_modules/next/dist/client/dev/hot-reloader/app/hot-reloader-app.js:196
[  124794ms] [LOG] [Fast Refresh] done in 916ms @ webpack-internal:///(app-pages-browser)/./node_modules/.pnpm/next@15.5.19_react-dom@19.2.7_react@19.2.7__react@19.2.7/node_modules/next/dist/client/dev/report-hmr-latency.js:13
[  124801ms] [LOG] [Fast Refresh] rebuilding @ webpack-internal:///(app-pages-browser)/./node_modules/.pnpm/next@15.5.19_react-dom@19.2.7_react@19.2.7__react@19.2.7/node_modules/next/dist/client/dev/hot-reloader/app/hot-reloader-app.js:196
[  125977ms] [LOG] [Fast Refresh] done in 1176ms @ webpack-internal:///(app-pages-browser)/./node_modules/.pnpm/next@15.5.19_react-dom@19.2.7_react@19.2.7__react@19.2.7/node_modules/next/dist/client/dev/report-hmr-latency.js:13
[  125992ms] [LOG] [Fast Refresh] rebuilding @ webpack-internal:///(app-pages-browser)/./node_modules/.pnpm/next@15.5.19_react-dom@19.2.7_react@19.2.7__react@19.2.7/node_modules/next/dist/client/dev/hot-reloader/app/hot-reloader-app.js:196
[  128611ms] [LOG] [Fast Refresh] done in 2620ms @ webpack-internal:///(app-pages-browser)/./node_modules/.pnpm/next@15.5.19_react-dom@19.2.7_react@19.2.7__react@19.2.7/node_modules/next/dist/client/dev/report-hmr-latency.js:13
[  128627ms] [LOG] [Fast Refresh] rebuilding @ webpack-internal:///(app-pages-browser)/./node_modules/.pnpm/next@15.5.19_react-dom@19.2.7_react@19.2.7__react@19.2.7/node_modules/next/dist/client/dev/hot-reloader/app/hot-reloader-app.js:196
[  131361ms] [LOG] [Fast Refresh] done in 2734ms @ webpack-internal:///(app-pages-browser)/./node_modules/.pnpm/next@15.5.19_react-dom@19.2.7_react@19.2.7__react@19.2.7/node_modules/next/dist/client/dev/report-hmr-latency.js:13
[  131371ms] [LOG] [Fast Refresh] rebuilding @ webpack-internal:///(app-pages-browser)/./node_modules/.pnpm/next@15.5.19_react-dom@19.2.7_react@19.2.7__react@19.2.7/node_modules/next/dist/client/dev/hot-reloader/app/hot-reloader-app.js:196
[  134382ms] [WARNING] The resource http://localhost:3000/_next/static/css/app/layout.css?v=1781948370149 was preloaded using link preload but not used within a few seconds from the window's load event. Please make sure it has an appropriate `as` value and it is preloaded intentionally. @ http://localhost:3000/:0
[  134382ms] [WARNING] The resource http://localhost:3000/_next/static/css/app/layout.css?v=1781948374377 was preloaded using link preload but not used within a few seconds from the window's load event. Please make sure it has an appropriate `as` value and it is preloaded intentionally. @ http://localhost:3000/:0
[  134382ms] [WARNING] The resource http://localhost:3000/_next/static/css/app/layout.css?v=1781948376770 was preloaded using link preload but not used within a few seconds from the window's load event. Please make sure it has an appropriate `as` value and it is preloaded intentionally. @ http://localhost:3000/:0
[  134382ms] [WARNING] The resource http://localhost:3000/_next/static/css/app/layout.css?v=1781948365580 was preloaded using link preload but not used within a few seconds from the window's load event. Please make sure it has an appropriate `as` value and it is preloaded intentionally. @ http://localhost:3000/:0
[  134383ms] [WARNING] The resource http://localhost:3000/_next/static/css/app/layout.css?v=1781948380358 was preloaded using link preload but not used within a few seconds from the window's load event. Please make sure it has an appropriate `as` value and it is preloaded intentionally. @ http://localhost:3000/:0
[  134842ms] [LOG] [Fast Refresh] rebuilding @ webpack-internal:///(app-pages-browser)/./node_modules/.pnpm/next@15.5.19_react-dom@19.2.7_react@19.2.7__react@19.2.7/node_modules/next/dist/client/dev/hot-reloader/app/hot-reloader-app.js:196
[  135139ms] [LOG] [Fast Refresh] done in 297ms @ webpack-internal:///(app-pages-browser)/./node_modules/.pnpm/next@15.5.19_react-dom@19.2.7_react@19.2.7__react@19.2.7/node_modules/next/dist/client/dev/report-hmr-latency.js:13
[  137178ms] [LOG] [Fast Refresh] done in 2335ms @ webpack-internal:///(app-pages-browser)/./node_modules/.pnpm/next@15.5.19_react-dom@19.2.7_react@19.2.7__react@19.2.7/node_modules/next/dist/client/dev/report-hmr-latency.js:13
[  137190ms] [LOG] [Fast Refresh] rebuilding @ webpack-internal:///(app-pages-browser)/./node_modules/.pnpm/next@15.5.19_react-dom@19.2.7_react@19.2.7__react@19.2.7/node_modules/next/dist/client/dev/hot-reloader/app/hot-reloader-app.js:196
[  138574ms] [LOG] [Fast Refresh] done in 1384ms @ webpack-internal:///(app-pages-browser)/./node_modules/.pnpm/next@15.5.19_react-dom@19.2.7_react@19.2.7__react@19.2.7/node_modules/next/dist/client/dev/report-hmr-latency.js:13
[  138578ms] [LOG] [Fast Refresh] rebuilding @ webpack-internal:///(app-pages-browser)/./node_modules/.pnpm/next@15.5.19_react-dom@19.2.7_react@19.2.7__react@19.2.7/node_modules/next/dist/client/dev/hot-reloader/app/hot-reloader-app.js:196
[  139763ms] [LOG] [Fast Refresh] done in 1186ms @ webpack-internal:///(app-pages-browser)/./node_modules/.pnpm/next@15.5.19_react-dom@19.2.7_react@19.2.7__react@19.2.7/node_modules/next/dist/client/dev/report-hmr-latency.js:13
[  139773ms] [LOG] [Fast Refresh] rebuilding @ webpack-internal:///(app-pages-browser)/./node_modules/.pnpm/next@15.5.19_react-dom@19.2.7_react@19.2.7__react@19.2.7/node_modules/next/dist/client/dev/hot-reloader/app/hot-reloader-app.js:196
[  141180ms] [LOG] [Fast Refresh] done in 1407ms @ webpack-internal:///(app-pages-browser)/./node_modules/.pnpm/next@15.5.19_react-dom@19.2.7_react@19.2.7__react@19.2.7/node_modules/next/dist/client/dev/report-hmr-latency.js:13
[  141190ms] [LOG] [Fast Refresh] rebuilding @ webpack-internal:///(app-pages-browser)/./node_modules/.pnpm/next@15.5.19_react-dom@19.2.7_react@19.2.7__react@19.2.7/node_modules/next/dist/client/dev/hot-reloader/app/hot-reloader-app.js:196
[  142232ms] [LOG] [Fast Refresh] done in 1043ms @ webpack-internal:///(app-pages-browser)/./node_modules/.pnpm/next@15.5.19_react-dom@19.2.7_react@19.2.7__react@19.2.7/node_modules/next/dist/client/dev/report-hmr-latency.js:13
[  142242ms] [LOG] [Fast Refresh] rebuilding @ webpack-internal:///(app-pages-browser)/./node_modules/.pnpm/next@15.5.19_react-dom@19.2.7_react@19.2.7__react@19.2.7/node_modules/next/dist/client/dev/hot-reloader/app/hot-reloader-app.js:196
[  144646ms] [LOG] [Fast Refresh] done in 2405ms @ webpack-internal:///(app-pages-browser)/./node_modules/.pnpm/next@15.5.19_react-dom@19.2.7_react@19.2.7__react@19.2.7/node_modules/next/dist/client/dev/report-hmr-latency.js:13
[  144657ms] [LOG] [Fast Refresh] rebuilding @ webpack-internal:///(app-pages-browser)/./node_modules/.pnpm/next@15.5.19_react-dom@19.2.7_react@19.2.7__react@19.2.7/node_modules/next/dist/client/dev/hot-reloader/app/hot-reloader-app.js:196
[  146464ms] [LOG] [Fast Refresh] done in 1806ms @ webpack-internal:///(app-pages-browser)/./node_modules/.pnpm/next@15.5.19_react-dom@19.2.7_react@19.2.7__react@19.2.7/node_modules/next/dist/client/dev/report-hmr-latency.js:13
[  146488ms] [LOG] [Fast Refresh] rebuilding @ webpack-internal:///(app-pages-browser)/./node_modules/.pnpm/next@15.5.19_react-dom@19.2.7_react@19.2.7__react@19.2.7/node_modules/next/dist/client/dev/hot-reloader/app/hot-reloader-app.js:196
[  147560ms] [LOG] [Fast Refresh] done in 1073ms @ webpack-internal:///(app-pages-browser)/./node_modules/.pnpm/next@15.5.19_react-dom@19.2.7_react@19.2.7__react@19.2.7/node_modules/next/dist/client/dev/report-hmr-latency.js:13
[  147571ms] [LOG] [Fast Refresh] rebuilding @ webpack-internal:///(app-pages-browser)/./node_modules/.pnpm/next@15.5.19_react-dom@19.2.7_react@19.2.7__react@19.2.7/node_modules/next/dist/client/dev/hot-reloader/app/hot-reloader-app.js:196
[  148494ms] [LOG] [Fast Refresh] done in 923ms @ webpack-internal:///(app-pages-browser)/./node_modules/.pnpm/next@15.5.19_react-dom@19.2.7_react@19.2.7__react@19.2.7/node_modules/next/dist/client/dev/report-hmr-latency.js:13
[  148497ms] [LOG] [Fast Refresh] rebuilding @ webpack-internal:///(app-pages-browser)/./node_modules/.pnpm/next@15.5.19_react-dom@19.2.7_react@19.2.7__react@19.2.7/node_modules/next/dist/client/dev/hot-reloader/app/hot-reloader-app.js:196
[  149407ms] [LOG] [Fast Refresh] done in 910ms @ webpack-internal:///(app-pages-browser)/./node_modules/.pnpm/next@15.5.19_react-dom@19.2.7_react@19.2.7__react@19.2.7/node_modules/next/dist/client/dev/report-hmr-latency.js:13
[  149410ms] [LOG] [Fast Refresh] rebuilding @ webpack-internal:///(app-pages-browser)/./node_modules/.pnpm/next@15.5.19_react-dom@19.2.7_react@19.2.7__react@19.2.7/node_modules/next/dist/client/dev/hot-reloader/app/hot-reloader-app.js:196
[  150327ms] [LOG] [Fast Refresh] done in 916ms @ webpack-internal:///(app-pages-browser)/./node_modules/.pnpm/next@15.5.19_react-dom@19.2.7_react@19.2.7__react@19.2.7/node_modules/next/dist/client/dev/report-hmr-latency.js:13
[  150331ms] [LOG] [Fast Refresh] rebuilding @ webpack-internal:///(app-pages-browser)/./node_modules/.pnpm/next@15.5.19_react-dom@19.2.7_react@19.2.7__react@19.2.7/node_modules/next/dist/client/dev/hot-reloader/app/hot-reloader-app.js:196
[  151175ms] [LOG] [Fast Refresh] done in 845ms @ webpack-internal:///(app-pages-browser)/./node_modules/.pnpm/next@15.5.19_react-dom@19.2.7_react@19.2.7__react@19.2.7/node_modules/next/dist/client/dev/report-hmr-latency.js:13
[  151179ms] [LOG] [Fast Refresh] rebuilding @ webpack-internal:///(app-pages-browser)/./node_modules/.pnpm/next@15.5.19_react-dom@19.2.7_react@19.2.7__react@19.2.7/node_modules/next/dist/client/dev/hot-reloader/app/hot-reloader-app.js:196
[  152025ms] [LOG] [Fast Refresh] done in 846ms @ webpack-internal:///(app-pages-browser)/./node_modules/.pnpm/next@15.5.19_react-dom@19.2.7_react@19.2.7__react@19.2.7/node_modules/next/dist/client/dev/report-hmr-latency.js:13
[  152028ms] [LOG] [Fast Refresh] rebuilding @ webpack-internal:///(app-pages-browser)/./node_modules/.pnpm/next@15.5.19_react-dom@19.2.7_react@19.2.7__react@19.2.7/node_modules/next/dist/client/dev/hot-reloader/app/hot-reloader-app.js:196
[  152909ms] [LOG] [Fast Refresh] done in 880ms @ webpack-internal:///(app-pages-browser)/./node_modules/.pnpm/next@15.5.19_react-dom@19.2.7_react@19.2.7__react@19.2.7/node_modules/next/dist/client/dev/report-hmr-latency.js:13
[  152912ms] [LOG] [Fast Refresh] rebuilding @ webpack-internal:///(app-pages-browser)/./node_modules/.pnpm/next@15.5.19_react-dom@19.2.7_react@19.2.7__react@19.2.7/node_modules/next/dist/client/dev/hot-reloader/app/hot-reloader-app.js:196
[  153731ms] [LOG] [Fast Refresh] done in 818ms @ webpack-internal:///(app-pages-browser)/./node_modules/.pnpm/next@15.5.19_react-dom@19.2.7_react@19.2.7__react@19.2.7/node_modules/next/dist/client/dev/report-hmr-latency.js:13
[  153742ms] [LOG] [Fast Refresh] rebuilding @ webpack-internal:///(app-pages-browser)/./node_modules/.pnpm/next@15.5.19_react-dom@19.2.7_react@19.2.7__react@19.2.7/node_modules/next/dist/client/dev/hot-reloader/app/hot-reloader-app.js:196
[  154662ms] [LOG] [Fast Refresh] done in 919ms @ webpack-internal:///(app-pages-browser)/./node_modules/.pnpm/next@15.5.19_react-dom@19.2.7_react@19.2.7__react@19.2.7/node_modules/next/dist/client/dev/report-hmr-latency.js:13
[  154670ms] [LOG] [Fast Refresh] rebuilding @ webpack-internal:///(app-pages-browser)/./node_modules/.pnpm/next@15.5.19_react-dom@19.2.7_react@19.2.7__react@19.2.7/node_modules/next/dist/client/dev/hot-reloader/app/hot-reloader-app.js:196
[  155547ms] [LOG] [Fast Refresh] done in 876ms @ webpack-internal:///(app-pages-browser)/./node_modules/.pnpm/next@15.5.19_react-dom@19.2.7_react@19.2.7__react@19.2.7/node_modules/next/dist/client/dev/report-hmr-latency.js:13
[  155556ms] [LOG] [Fast Refresh] rebuilding @ webpack-internal:///(app-pages-browser)/./node_modules/.pnpm/next@15.5.19_react-dom@19.2.7_react@19.2.7__react@19.2.7/node_modules/next/dist/client/dev/hot-reloader/app/hot-reloader-app.js:196
[  156357ms] [LOG] [Fast Refresh] done in 801ms @ webpack-internal:///(app-pages-browser)/./node_modules/.pnpm/next@15.5.19_react-dom@19.2.7_react@19.2.7__react@19.2.7/node_modules/next/dist/client/dev/report-hmr-latency.js:13
[  156363ms] [LOG] [Fast Refresh] rebuilding @ webpack-internal:///(app-pages-browser)/./node_modules/.pnpm/next@15.5.19_react-dom@19.2.7_react@19.2.7__react@19.2.7/node_modules/next/dist/client/dev/hot-reloader/app/hot-reloader-app.js:196
[  157191ms] [LOG] [Fast Refresh] done in 828ms @ webpack-internal:///(app-pages-browser)/./node_modules/.pnpm/next@15.5.19_react-dom@19.2.7_react@19.2.7__react@19.2.7/node_modules/next/dist/client/dev/report-hmr-latency.js:13
[  157196ms] [LOG] [Fast Refresh] rebuilding @ webpack-internal:///(app-pages-browser)/./node_modules/.pnpm/next@15.5.19_react-dom@19.2.7_react@19.2.7__react@19.2.7/node_modules/next/dist/client/dev/hot-reloader/app/hot-reloader-app.js:196
[  158596ms] [LOG] [Fast Refresh] done in 1399ms @ webpack-internal:///(app-pages-browser)/./node_modules/.pnpm/next@15.5.19_react-dom@19.2.7_react@19.2.7__react@19.2.7/node_modules/next/dist/client/dev/report-hmr-latency.js:13
[  158612ms] [LOG] [Fast Refresh] rebuilding @ webpack-internal:///(app-pages-browser)/./node_modules/.pnpm/next@15.5.19_react-dom@19.2.7_react@19.2.7__react@19.2.7/node_modules/next/dist/client/dev/hot-reloader/app/hot-reloader-app.js:196
[  159614ms] [LOG] [Fast Refresh] done in 1003ms @ webpack-internal:///(app-pages-browser)/./node_modules/.pnpm/next@15.5.19_react-dom@19.2.7_react@19.2.7__react@19.2.7/node_modules/next/dist/client/dev/report-hmr-latency.js:13
[  159625ms] [LOG] [Fast Refresh] rebuilding @ webpack-internal:///(app-pages-browser)/./node_modules/.pnpm/next@15.5.19_react-dom@19.2.7_react@19.2.7__react@19.2.7/node_modules/next/dist/client/dev/hot-reloader/app/hot-reloader-app.js:196
[  160473ms] [LOG] [Fast Refresh] done in 847ms @ webpack-internal:///(app-pages-browser)/./node_modules/.pnpm/next@15.5.19_react-dom@19.2.7_react@19.2.7__react@19.2.7/node_modules/next/dist/client/dev/report-hmr-latency.js:13
[  160477ms] [LOG] [Fast Refresh] rebuilding @ webpack-internal:///(app-pages-browser)/./node_modules/.pnpm/next@15.5.19_react-dom@19.2.7_react@19.2.7__react@19.2.7/node_modules/next/dist/client/dev/hot-reloader/app/hot-reloader-app.js:196
[  161305ms] [LOG] [Fast Refresh] done in 829ms @ webpack-internal:///(app-pages-browser)/./node_modules/.pnpm/next@15.5.19_react-dom@19.2.7_react@19.2.7__react@19.2.7/node_modules/next/dist/client/dev/report-hmr-latency.js:13
[  161311ms] [LOG] [Fast Refresh] rebuilding @ webpack-internal:///(app-pages-browser)/./node_modules/.pnpm/next@15.5.19_react-dom@19.2.7_react@19.2.7__react@19.2.7/node_modules/next/dist/client/dev/hot-reloader/app/hot-reloader-app.js:196
[  162191ms] [LOG] [Fast Refresh] done in 880ms @ webpack-internal:///(app-pages-browser)/./node_modules/.pnpm/next@15.5.19_react-dom@19.2.7_react@19.2.7__react@19.2.7/node_modules/next/dist/client/dev/report-hmr-latency.js:13
[  162196ms] [LOG] [Fast Refresh] rebuilding @ webpack-internal:///(app-pages-browser)/./node_modules/.pnpm/next@15.5.19_react-dom@19.2.7_react@19.2.7__react@19.2.7/node_modules/next/dist/client/dev/hot-reloader/app/hot-reloader-app.js:196
[  163110ms] [LOG] [Fast Refresh] done in 914ms @ webpack-internal:///(app-pages-browser)/./node_modules/.pnpm/next@15.5.19_react-dom@19.2.7_react@19.2.7__react@19.2.7/node_modules/next/dist/client/dev/report-hmr-latency.js:13
[  163126ms] [LOG] [Fast Refresh] rebuilding @ webpack-internal:///(app-pages-browser)/./node_modules/.pnpm/next@15.5.19_react-dom@19.2.7_react@19.2.7__react@19.2.7/node_modules/next/dist/client/dev/hot-reloader/app/hot-reloader-app.js:196
[  164224ms] [LOG] [Fast Refresh] done in 1097ms @ webpack-internal:///(app-pages-browser)/./node_modules/.pnpm/next@15.5.19_react-dom@19.2.7_react@19.2.7__react@19.2.7/node_modules/next/dist/client/dev/report-hmr-latency.js:13
[  164227ms] [LOG] [Fast Refresh] rebuilding @ webpack-internal:///(app-pages-browser)/./node_modules/.pnpm/next@15.5.19_react-dom@19.2.7_react@19.2.7__react@19.2.7/node_modules/next/dist/client/dev/hot-reloader/app/hot-reloader-app.js:196
[  165209ms] [LOG] [Fast Refresh] done in 982ms @ webpack-internal:///(app-pages-browser)/./node_modules/.pnpm/next@15.5.19_react-dom@19.2.7_react@19.2.7__react@19.2.7/node_modules/next/dist/client/dev/report-hmr-latency.js:13
[  165219ms] [LOG] [Fast Refresh] rebuilding @ webpack-internal:///(app-pages-browser)/./node_modules/.pnpm/next@15.5.19_react-dom@19.2.7_react@19.2.7__react@19.2.7/node_modules/next/dist/client/dev/hot-reloader/app/hot-reloader-app.js:196
[  166092ms] [LOG] [Fast Refresh] done in 873ms @ webpack-internal:///(app-pages-browser)/./node_modules/.pnpm/next@15.5.19_react-dom@19.2.7_react@19.2.7__react@19.2.7/node_modules/next/dist/client/dev/report-hmr-latency.js:13
[  166103ms] [LOG] [Fast Refresh] rebuilding @ webpack-internal:///(app-pages-browser)/./node_modules/.pnpm/next@15.5.19_react-dom@19.2.7_react@19.2.7__react@19.2.7/node_modules/next/dist/client/dev/hot-reloader/app/hot-reloader-app.js:196
[  167443ms] [LOG] [Fast Refresh] done in 1340ms @ webpack-internal:///(app-pages-browser)/./node_modules/.pnpm/next@15.5.19_react-dom@19.2.7_react@19.2.7__react@19.2.7/node_modules/next/dist/client/dev/report-hmr-latency.js:13
[  167455ms] [LOG] [Fast Refresh] rebuilding @ webpack-internal:///(app-pages-browser)/./node_modules/.pnpm/next@15.5.19_react-dom@19.2.7_react@19.2.7__react@19.2.7/node_modules/next/dist/client/dev/hot-reloader/app/hot-reloader-app.js:196
[  168454ms] [LOG] [Fast Refresh] done in 1000ms @ webpack-internal:///(app-pages-browser)/./node_modules/.pnpm/next@15.5.19_react-dom@19.2.7_react@19.2.7__react@19.2.7/node_modules/next/dist/client/dev/report-hmr-latency.js:13
[  168457ms] [LOG] [Fast Refresh] rebuilding @ webpack-internal:///(app-pages-browser)/./node_modules/.pnpm/next@15.5.19_react-dom@19.2.7_react@19.2.7__react@19.2.7/node_modules/next/dist/client/dev/hot-reloader/app/hot-reloader-app.js:196
[  169355ms] [LOG] [Fast Refresh] done in 897ms @ webpack-internal:///(app-pages-browser)/./node_modules/.pnpm/next@15.5.19_react-dom@19.2.7_react@19.2.7__react@19.2.7/node_modules/next/dist/client/dev/report-hmr-latency.js:13
[  169358ms] [LOG] [Fast Refresh] rebuilding @ webpack-internal:///(app-pages-browser)/./node_modules/.pnpm/next@15.5.19_react-dom@19.2.7_react@19.2.7__react@19.2.7/node_modules/next/dist/client/dev/hot-reloader/app/hot-reloader-app.js:196
[  170222ms] [LOG] [Fast Refresh] done in 864ms @ webpack-internal:///(app-pages-browser)/./node_modules/.pnpm/next@15.5.19_react-dom@19.2.7_react@19.2.7__react@19.2.7/node_modules/next/dist/client/dev/report-hmr-latency.js:13
[  170226ms] [LOG] [Fast Refresh] rebuilding @ webpack-internal:///(app-pages-browser)/./node_modules/.pnpm/next@15.5.19_react-dom@19.2.7_react@19.2.7__react@19.2.7/node_modules/next/dist/client/dev/hot-reloader/app/hot-reloader-app.js:196
[  171121ms] [LOG] [Fast Refresh] done in 896ms @ webpack-internal:///(app-pages-browser)/./node_modules/.pnpm/next@15.5.19_react-dom@19.2.7_react@19.2.7__react@19.2.7/node_modules/next/dist/client/dev/report-hmr-latency.js:13
[  171125ms] [LOG] [Fast Refresh] rebuilding @ webpack-internal:///(app-pages-browser)/./node_modules/.pnpm/next@15.5.19_react-dom@19.2.7_react@19.2.7__react@19.2.7/node_modules/next/dist/client/dev/hot-reloader/app/hot-reloader-app.js:196
[  172025ms] [LOG] [Fast Refresh] done in 899ms @ webpack-internal:///(app-pages-browser)/./node_modules/.pnpm/next@15.5.19_react-dom@19.2.7_react@19.2.7__react@19.2.7/node_modules/next/dist/client/dev/report-hmr-latency.js:13
[  172032ms] [LOG] [Fast Refresh] rebuilding @ webpack-internal:///(app-pages-browser)/./node_modules/.pnpm/next@15.5.19_react-dom@19.2.7_react@19.2.7__react@19.2.7/node_modules/next/dist/client/dev/hot-reloader/app/hot-reloader-app.js:196
[  172983ms] [LOG] [Fast Refresh] done in 951ms @ webpack-internal:///(app-pages-browser)/./node_modules/.pnpm/next@15.5.19_react-dom@19.2.7_react@19.2.7__react@19.2.7/node_modules/next/dist/client/dev/report-hmr-latency.js:13
[  172990ms] [LOG] [Fast Refresh] rebuilding @ webpack-internal:///(app-pages-browser)/./node_modules/.pnpm/next@15.5.19_react-dom@19.2.7_react@19.2.7__react@19.2.7/node_modules/next/dist/client/dev/hot-reloader/app/hot-reloader-app.js:196
[  173926ms] [LOG] [Fast Refresh] done in 936ms @ webpack-internal:///(app-pages-browser)/./node_modules/.pnpm/next@15.5.19_react-dom@19.2.7_react@19.2.7__react@19.2.7/node_modules/next/dist/client/dev/report-hmr-latency.js:13
[  173937ms] [LOG] [Fast Refresh] rebuilding @ webpack-internal:///(app-pages-browser)/./node_modules/.pnpm/next@15.5.19_react-dom@19.2.7_react@19.2.7__react@19.2.7/node_modules/next/dist/client/dev/hot-reloader/app/hot-reloader-app.js:196
[  174875ms] [LOG] [Fast Refresh] done in 938ms @ webpack-internal:///(app-pages-browser)/./node_modules/.pnpm/next@15.5.19_react-dom@19.2.7_react@19.2.7__react@19.2.7/node_modules/next/dist/client/dev/report-hmr-latency.js:13
[  174878ms] [LOG] [Fast Refresh] rebuilding @ webpack-internal:///(app-pages-browser)/./node_modules/.pnpm/next@15.5.19_react-dom@19.2.7_react@19.2.7__react@19.2.7/node_modules/next/dist/client/dev/hot-reloader/app/hot-reloader-app.js:196
[  175857ms] [LOG] [Fast Refresh] done in 978ms @ webpack-internal:///(app-pages-browser)/./node_modules/.pnpm/next@15.5.19_react-dom@19.2.7_react@19.2.7__react@19.2.7/node_modules/next/dist/client/dev/report-hmr-latency.js:13
[  175909ms] [LOG] [Fast Refresh] rebuilding @ webpack-internal:///(app-pages-browser)/./node_modules/.pnpm/next@15.5.19_react-dom@19.2.7_react@19.2.7__react@19.2.7/node_modules/next/dist/client/dev/hot-reloader/app/hot-reloader-app.js:196
[  176845ms] [LOG] [Fast Refresh] done in 936ms @ webpack-internal:///(app-pages-browser)/./node_modules/.pnpm/next@15.5.19_react-dom@19.2.7_react@19.2.7__react@19.2.7/node_modules/next/dist/client/dev/report-hmr-latency.js:13
[  176856ms] [LOG] [Fast Refresh] rebuilding @ webpack-internal:///(app-pages-browser)/./node_modules/.pnpm/next@15.5.19_react-dom@19.2.7_react@19.2.7__react@19.2.7/node_modules/next/dist/client/dev/hot-reloader/app/hot-reloader-app.js:196
[  178412ms] [LOG] [Fast Refresh] done in 1555ms @ webpack-internal:///(app-pages-browser)/./node_modules/.pnpm/next@15.5.19_react-dom@19.2.7_react@19.2.7__react@19.2.7/node_modules/next/dist/client/dev/report-hmr-latency.js:13
[  178440ms] [LOG] [Fast Refresh] rebuilding @ webpack-internal:///(app-pages-browser)/./node_modules/.pnpm/next@15.5.19_react-dom@19.2.7_react@19.2.7__react@19.2.7/node_modules/next/dist/client/dev/hot-reloader/app/hot-reloader-app.js:196
[  179565ms] [LOG] [Fast Refresh] done in 1124ms @ webpack-internal:///(app-pages-browser)/./node_modules/.pnpm/next@15.5.19_react-dom@19.2.7_react@19.2.7__react@19.2.7/node_modules/next/dist/client/dev/report-hmr-latency.js:13
[  179572ms] [LOG] [Fast Refresh] rebuilding @ webpack-internal:///(app-pages-browser)/./node_modules/.pnpm/next@15.5.19_react-dom@19.2.7_react@19.2.7__react@19.2.7/node_modules/next/dist/client/dev/hot-reloader/app/hot-reloader-app.js:196
[  180523ms] [LOG] [Fast Refresh] done in 951ms @ webpack-internal:///(app-pages-browser)/./node_modules/.pnpm/next@15.5.19_react-dom@19.2.7_react@19.2.7__react@19.2.7/node_modules/next/dist/client/dev/report-hmr-latency.js:13
[  180528ms] [LOG] [Fast Refresh] rebuilding @ webpack-internal:///(app-pages-browser)/./node_modules/.pnpm/next@15.5.19_react-dom@19.2.7_react@19.2.7__react@19.2.7/node_modules/next/dist/client/dev/hot-reloader/app/hot-reloader-app.js:196
[  181440ms] [LOG] [Fast Refresh] done in 912ms @ webpack-internal:///(app-pages-browser)/./node_modules/.pnpm/next@15.5.19_react-dom@19.2.7_react@19.2.7__react@19.2.7/node_modules/next/dist/client/dev/report-hmr-latency.js:13
[  181443ms] [LOG] [Fast Refresh] rebuilding @ webpack-internal:///(app-pages-browser)/./node_modules/.pnpm/next@15.5.19_react-dom@19.2.7_react@19.2.7__react@19.2.7/node_modules/next/dist/client/dev/hot-reloader/app/hot-reloader-app.js:196
[  182392ms] [LOG] [Fast Refresh] done in 948ms @ webpack-internal:///(app-pages-browser)/./node_modules/.pnpm/next@15.5.19_react-dom@19.2.7_react@19.2.7__react@19.2.7/node_modules/next/dist/client/dev/report-hmr-latency.js:13
[  182402ms] [LOG] [Fast Refresh] rebuilding @ webpack-internal:///(app-pages-browser)/./node_modules/.pnpm/next@15.5.19_react-dom@19.2.7_react@19.2.7__react@19.2.7/node_modules/next/dist/client/dev/hot-reloader/app/hot-reloader-app.js:196
[  183378ms] [LOG] [Fast Refresh] done in 976ms @ webpack-internal:///(app-pages-browser)/./node_modules/.pnpm/next@15.5.19_react-dom@19.2.7_react@19.2.7__react@19.2.7/node_modules/next/dist/client/dev/report-hmr-latency.js:13
[  183386ms] [LOG] [Fast Refresh] rebuilding @ webpack-internal:///(app-pages-browser)/./node_modules/.pnpm/next@15.5.19_react-dom@19.2.7_react@19.2.7__react@19.2.7/node_modules/next/dist/client/dev/hot-reloader/app/hot-reloader-app.js:196
[  184459ms] [LOG] [Fast Refresh] done in 1074ms @ webpack-internal:///(app-pages-browser)/./node_modules/.pnpm/next@15.5.19_react-dom@19.2.7_react@19.2.7__react@19.2.7/node_modules/next/dist/client/dev/report-hmr-latency.js:13
[  184473ms] [LOG] [Fast Refresh] rebuilding @ webpack-internal:///(app-pages-browser)/./node_modules/.pnpm/next@15.5.19_react-dom@19.2.7_react@19.2.7__react@19.2.7/node_modules/next/dist/client/dev/hot-reloader/app/hot-reloader-app.js:196
[  185515ms] [LOG] [Fast Refresh] done in 1043ms @ webpack-internal:///(app-pages-browser)/./node_modules/.pnpm/next@15.5.19_react-dom@19.2.7_react@19.2.7__react@19.2.7/node_modules/next/dist/client/dev/report-hmr-latency.js:13
[  185523ms] [LOG] [Fast Refresh] rebuilding @ webpack-internal:///(app-pages-browser)/./node_modules/.pnpm/next@15.5.19_react-dom@19.2.7_react@19.2.7__react@19.2.7/node_modules/next/dist/client/dev/hot-reloader/app/hot-reloader-app.js:196
[  186442ms] [LOG] [Fast Refresh] done in 919ms @ webpack-internal:///(app-pages-browser)/./node_modules/.pnpm/next@15.5.19_react-dom@19.2.7_react@19.2.7__react@19.2.7/node_modules/next/dist/client/dev/report-hmr-latency.js:13
[  186453ms] [LOG] [Fast Refresh] rebuilding @ webpack-internal:///(app-pages-browser)/./node_modules/.pnpm/next@15.5.19_react-dom@19.2.7_react@19.2.7__react@19.2.7/node_modules/next/dist/client/dev/hot-reloader/app/hot-reloader-app.js:196
[  187507ms] [LOG] [Fast Refresh] done in 1053ms @ webpack-internal:///(app-pages-browser)/./node_modules/.pnpm/next@15.5.19_react-dom@19.2.7_react@19.2.7__react@19.2.7/node_modules/next/dist/client/dev/report-hmr-latency.js:13
[  187510ms] [LOG] [Fast Refresh] rebuilding @ webpack-internal:///(app-pages-browser)/./node_modules/.pnpm/next@15.5.19_react-dom@19.2.7_react@19.2.7__react@19.2.7/node_modules/next/dist/client/dev/hot-reloader/app/hot-reloader-app.js:196
[  188457ms] [LOG] [Fast Refresh] done in 947ms @ webpack-internal:///(app-pages-browser)/./node_modules/.pnpm/next@15.5.19_react-dom@19.2.7_react@19.2.7__react@19.2.7/node_modules/next/dist/client/dev/report-hmr-latency.js:13
[  188470ms] [LOG] [Fast Refresh] rebuilding @ webpack-internal:///(app-pages-browser)/./node_modules/.pnpm/next@15.5.19_react-dom@19.2.7_react@19.2.7__react@19.2.7/node_modules/next/dist/client/dev/hot-reloader/app/hot-reloader-app.js:196
[  189344ms] [LOG] [Fast Refresh] done in 873ms @ webpack-internal:///(app-pages-browser)/./node_modules/.pnpm/next@15.5.19_react-dom@19.2.7_react@19.2.7__react@19.2.7/node_modules/next/dist/client/dev/report-hmr-latency.js:13
[  189353ms] [LOG] [Fast Refresh] rebuilding @ webpack-internal:///(app-pages-browser)/./node_modules/.pnpm/next@15.5.19_react-dom@19.2.7_react@19.2.7__react@19.2.7/node_modules/next/dist/client/dev/hot-reloader/app/hot-reloader-app.js:196
[  190423ms] [LOG] [Fast Refresh] done in 1069ms @ webpack-internal:///(app-pages-browser)/./node_modules/.pnpm/next@15.5.19_react-dom@19.2.7_react@19.2.7__react@19.2.7/node_modules/next/dist/client/dev/report-hmr-latency.js:13
[  190427ms] [LOG] [Fast Refresh] rebuilding @ webpack-internal:///(app-pages-browser)/./node_modules/.pnpm/next@15.5.19_react-dom@19.2.7_react@19.2.7__react@19.2.7/node_modules/next/dist/client/dev/hot-reloader/app/hot-reloader-app.js:196
[  191538ms] [LOG] [Fast Refresh] done in 1111ms @ webpack-internal:///(app-pages-browser)/./node_modules/.pnpm/next@15.5.19_react-dom@19.2.7_react@19.2.7__react@19.2.7/node_modules/next/dist/client/dev/report-hmr-latency.js:13
[  191552ms] [LOG] [Fast Refresh] rebuilding @ webpack-internal:///(app-pages-browser)/./node_modules/.pnpm/next@15.5.19_react-dom@19.2.7_react@19.2.7__react@19.2.7/node_modules/next/dist/client/dev/hot-reloader/app/hot-reloader-app.js:196
[  192863ms] [LOG] [Fast Refresh] done in 1310ms @ webpack-internal:///(app-pages-browser)/./node_modules/.pnpm/next@15.5.19_react-dom@19.2.7_react@19.2.7__react@19.2.7/node_modules/next/dist/client/dev/report-hmr-latency.js:13
[  192876ms] [LOG] [Fast Refresh] rebuilding @ webpack-internal:///(app-pages-browser)/./node_modules/.pnpm/next@15.5.19_react-dom@19.2.7_react@19.2.7__react@19.2.7/node_modules/next/dist/client/dev/hot-reloader/app/hot-reloader-app.js:196
[  194105ms] [LOG] [Fast Refresh] done in 1230ms @ webpack-internal:///(app-pages-browser)/./node_modules/.pnpm/next@15.5.19_react-dom@19.2.7_react@19.2.7__react@19.2.7/node_modules/next/dist/client/dev/report-hmr-latency.js:13
[  194110ms] [LOG] [Fast Refresh] rebuilding @ webpack-internal:///(app-pages-browser)/./node_modules/.pnpm/next@15.5.19_react-dom@19.2.7_react@19.2.7__react@19.2.7/node_modules/next/dist/client/dev/hot-reloader/app/hot-reloader-app.js:196
[  195203ms] [LOG] [Fast Refresh] done in 1093ms @ webpack-internal:///(app-pages-browser)/./node_modules/.pnpm/next@15.5.19_react-dom@19.2.7_react@19.2.7__react@19.2.7/node_modules/next/dist/client/dev/report-hmr-latency.js:13
[  195207ms] [LOG] [Fast Refresh] rebuilding @ webpack-internal:///(app-pages-browser)/./node_modules/.pnpm/next@15.5.19_react-dom@19.2.7_react@19.2.7__react@19.2.7/node_modules/next/dist/client/dev/hot-reloader/app/hot-reloader-app.js:196
[  196159ms] [LOG] [Fast Refresh] done in 952ms @ webpack-internal:///(app-pages-browser)/./node_modules/.pnpm/next@15.5.19_react-dom@19.2.7_react@19.2.7__react@19.2.7/node_modules/next/dist/client/dev/report-hmr-latency.js:13
[  196172ms] [LOG] [Fast Refresh] rebuilding @ webpack-internal:///(app-pages-browser)/./node_modules/.pnpm/next@15.5.19_react-dom@19.2.7_react@19.2.7__react@19.2.7/node_modules/next/dist/client/dev/hot-reloader/app/hot-reloader-app.js:196
[  197037ms] [LOG] [Fast Refresh] done in 865ms @ webpack-internal:///(app-pages-browser)/./node_modules/.pnpm/next@15.5.19_react-dom@19.2.7_react@19.2.7__react@19.2.7/node_modules/next/dist/client/dev/report-hmr-latency.js:13
[  197042ms] [LOG] [Fast Refresh] rebuilding @ webpack-internal:///(app-pages-browser)/./node_modules/.pnpm/next@15.5.19_react-dom@19.2.7_react@19.2.7__react@19.2.7/node_modules/next/dist/client/dev/hot-reloader/app/hot-reloader-app.js:196
[  197993ms] [LOG] [Fast Refresh] done in 952ms @ webpack-internal:///(app-pages-browser)/./node_modules/.pnpm/next@15.5.19_react-dom@19.2.7_react@19.2.7__react@19.2.7/node_modules/next/dist/client/dev/report-hmr-latency.js:13
[  198002ms] [LOG] [Fast Refresh] rebuilding @ webpack-internal:///(app-pages-browser)/./node_modules/.pnpm/next@15.5.19_react-dom@19.2.7_react@19.2.7__react@19.2.7/node_modules/next/dist/client/dev/hot-reloader/app/hot-reloader-app.js:196
[  199486ms] [LOG] [Fast Refresh] done in 1483ms @ webpack-internal:///(app-pages-browser)/./node_modules/.pnpm/next@15.5.19_react-dom@19.2.7_react@19.2.7__react@19.2.7/node_modules/next/dist/client/dev/report-hmr-latency.js:13
[  199505ms] [LOG] [Fast Refresh] rebuilding @ webpack-internal:///(app-pages-browser)/./node_modules/.pnpm/next@15.5.19_react-dom@19.2.7_react@19.2.7__react@19.2.7/node_modules/next/dist/client/dev/hot-reloader/app/hot-reloader-app.js:196
[  200555ms] [LOG] [Fast Refresh] done in 1050ms @ webpack-internal:///(app-pages-browser)/./node_modules/.pnpm/next@15.5.19_react-dom@19.2.7_react@19.2.7__react@19.2.7/node_modules/next/dist/client/dev/report-hmr-latency.js:13
[  200560ms] [LOG] [Fast Refresh] rebuilding @ webpack-internal:///(app-pages-browser)/./node_modules/.pnpm/next@15.5.19_react-dom@19.2.7_react@19.2.7__react@19.2.7/node_modules/next/dist/client/dev/hot-reloader/app/hot-reloader-app.js:196
[  201473ms] [LOG] [Fast Refresh] done in 913ms @ webpack-internal:///(app-pages-browser)/./node_modules/.pnpm/next@15.5.19_react-dom@19.2.7_react@19.2.7__react@19.2.7/node_modules/next/dist/client/dev/report-hmr-latency.js:13
[  201476ms] [LOG] [Fast Refresh] rebuilding @ webpack-internal:///(app-pages-browser)/./node_modules/.pnpm/next@15.5.19_react-dom@19.2.7_react@19.2.7__react@19.2.7/node_modules/next/dist/client/dev/hot-reloader/app/hot-reloader-app.js:196
[  202424ms] [LOG] [Fast Refresh] done in 947ms @ webpack-internal:///(app-pages-browser)/./node_modules/.pnpm/next@15.5.19_react-dom@19.2.7_react@19.2.7__react@19.2.7/node_modules/next/dist/client/dev/report-hmr-latency.js:13
[  202436ms] [LOG] [Fast Refresh] rebuilding @ webpack-internal:///(app-pages-browser)/./node_modules/.pnpm/next@15.5.19_react-dom@19.2.7_react@19.2.7__react@19.2.7/node_modules/next/dist/client/dev/hot-reloader/app/hot-reloader-app.js:196
[  203352ms] [LOG] [Fast Refresh] done in 915ms @ webpack-internal:///(app-pages-browser)/./node_modules/.pnpm/next@15.5.19_react-dom@19.2.7_react@19.2.7__react@19.2.7/node_modules/next/dist/client/dev/report-hmr-latency.js:13
[  203357ms] [LOG] [Fast Refresh] rebuilding @ webpack-internal:///(app-pages-browser)/./node_modules/.pnpm/next@15.5.19_react-dom@19.2.7_react@19.2.7__react@19.2.7/node_modules/next/dist/client/dev/hot-reloader/app/hot-reloader-app.js:196
[  204353ms] [LOG] [Fast Refresh] done in 996ms @ webpack-internal:///(app-pages-browser)/./node_modules/.pnpm/next@15.5.19_react-dom@19.2.7_react@19.2.7__react@19.2.7/node_modules/next/dist/client/dev/report-hmr-latency.js:13
[  204357ms] [LOG] [Fast Refresh] rebuilding @ webpack-internal:///(app-pages-browser)/./node_modules/.pnpm/next@15.5.19_react-dom@19.2.7_react@19.2.7__react@19.2.7/node_modules/next/dist/client/dev/hot-reloader/app/hot-reloader-app.js:196
[  205235ms] [LOG] [Fast Refresh] done in 879ms @ webpack-internal:///(app-pages-browser)/./node_modules/.pnpm/next@15.5.19_react-dom@19.2.7_react@19.2.7__react@19.2.7/node_modules/next/dist/client/dev/report-hmr-latency.js:13
[  205238ms] [LOG] [Fast Refresh] rebuilding @ webpack-internal:///(app-pages-browser)/./node_modules/.pnpm/next@15.5.19_react-dom@19.2.7_react@19.2.7__react@19.2.7/node_modules/next/dist/client/dev/hot-reloader/app/hot-reloader-app.js:196
[  206176ms] [LOG] [Fast Refresh] done in 937ms @ webpack-internal:///(app-pages-browser)/./node_modules/.pnpm/next@15.5.19_react-dom@19.2.7_react@19.2.7__react@19.2.7/node_modules/next/dist/client/dev/report-hmr-latency.js:13
[  206186ms] [LOG] [Fast Refresh] rebuilding @ webpack-internal:///(app-pages-browser)/./node_modules/.pnpm/next@15.5.19_react-dom@19.2.7_react@19.2.7__react@19.2.7/node_modules/next/dist/client/dev/hot-reloader/app/hot-reloader-app.js:196
[  207056ms] [LOG] [Fast Refresh] done in 869ms @ webpack-internal:///(app-pages-browser)/./node_modules/.pnpm/next@15.5.19_react-dom@19.2.7_react@19.2.7__react@19.2.7/node_modules/next/dist/client/dev/report-hmr-latency.js:13
[  207070ms] [LOG] [Fast Refresh] rebuilding @ webpack-internal:///(app-pages-browser)/./node_modules/.pnpm/next@15.5.19_react-dom@19.2.7_react@19.2.7__react@19.2.7/node_modules/next/dist/client/dev/hot-reloader/app/hot-reloader-app.js:196
[  208454ms] [LOG] [Fast Refresh] done in 1383ms @ webpack-internal:///(app-pages-browser)/./node_modules/.pnpm/next@15.5.19_react-dom@19.2.7_react@19.2.7__react@19.2.7/node_modules/next/dist/client/dev/report-hmr-latency.js:13
[  208458ms] [LOG] [Fast Refresh] rebuilding @ webpack-internal:///(app-pages-browser)/./node_modules/.pnpm/next@15.5.19_react-dom@19.2.7_react@19.2.7__react@19.2.7/node_modules/next/dist/client/dev/hot-reloader/app/hot-reloader-app.js:196
[  209373ms] [LOG] [Fast Refresh] done in 915ms @ webpack-internal:///(app-pages-browser)/./node_modules/.pnpm/next@15.5.19_react-dom@19.2.7_react@19.2.7__react@19.2.7/node_modules/next/dist/client/dev/report-hmr-latency.js:13
[  209376ms] [LOG] [Fast Refresh] rebuilding @ webpack-internal:///(app-pages-browser)/./node_modules/.pnpm/next@15.5.19_react-dom@19.2.7_react@19.2.7__react@19.2.7/node_modules/next/dist/client/dev/hot-reloader/app/hot-reloader-app.js:196
[  210268ms] [LOG] [Fast Refresh] done in 892ms @ webpack-internal:///(app-pages-browser)/./node_modules/.pnpm/next@15.5.19_react-dom@19.2.7_react@19.2.7__react@19.2.7/node_modules/next/dist/client/dev/report-hmr-latency.js:13
[  210272ms] [LOG] [Fast Refresh] rebuilding @ webpack-internal:///(app-pages-browser)/./node_modules/.pnpm/next@15.5.19_react-dom@19.2.7_react@19.2.7__react@19.2.7/node_modules/next/dist/client/dev/hot-reloader/app/hot-reloader-app.js:196
[  211109ms] [LOG] [Fast Refresh] done in 838ms @ webpack-internal:///(app-pages-browser)/./node_modules/.pnpm/next@15.5.19_react-dom@19.2.7_react@19.2.7__react@19.2.7/node_modules/next/dist/client/dev/report-hmr-latency.js:13
[  211118ms] [LOG] [Fast Refresh] rebuilding @ webpack-internal:///(app-pages-browser)/./node_modules/.pnpm/next@15.5.19_react-dom@19.2.7_react@19.2.7__react@19.2.7/node_modules/next/dist/client/dev/hot-reloader/app/hot-reloader-app.js:196
[  212072ms] [LOG] [Fast Refresh] done in 955ms @ webpack-internal:///(app-pages-browser)/./node_modules/.pnpm/next@15.5.19_react-dom@19.2.7_react@19.2.7__react@19.2.7/node_modules/next/dist/client/dev/report-hmr-latency.js:13
[  212076ms] [LOG] [Fast Refresh] rebuilding @ webpack-internal:///(app-pages-browser)/./node_modules/.pnpm/next@15.5.19_react-dom@19.2.7_react@19.2.7__react@19.2.7/node_modules/next/dist/client/dev/hot-reloader/app/hot-reloader-app.js:196
[  213001ms] [LOG] [Fast Refresh] done in 926ms @ webpack-internal:///(app-pages-browser)/./node_modules/.pnpm/next@15.5.19_react-dom@19.2.7_react@19.2.7__react@19.2.7/node_modules/next/dist/client/dev/report-hmr-latency.js:13
[  213006ms] [LOG] [Fast Refresh] rebuilding @ webpack-internal:///(app-pages-browser)/./node_modules/.pnpm/next@15.5.19_react-dom@19.2.7_react@19.2.7__react@19.2.7/node_modules/next/dist/client/dev/hot-reloader/app/hot-reloader-app.js:196
[  213921ms] [LOG] [Fast Refresh] done in 915ms @ webpack-internal:///(app-pages-browser)/./node_modules/.pnpm/next@15.5.19_react-dom@19.2.7_react@19.2.7__react@19.2.7/node_modules/next/dist/client/dev/report-hmr-latency.js:13
[  213925ms] [LOG] [Fast Refresh] rebuilding @ webpack-internal:///(app-pages-browser)/./node_modules/.pnpm/next@15.5.19_react-dom@19.2.7_react@19.2.7__react@19.2.7/node_modules/next/dist/client/dev/hot-reloader/app/hot-reloader-app.js:196
[  214769ms] [LOG] [Fast Refresh] done in 844ms @ webpack-internal:///(app-pages-browser)/./node_modules/.pnpm/next@15.5.19_react-dom@19.2.7_react@19.2.7__react@19.2.7/node_modules/next/dist/client/dev/report-hmr-latency.js:13
[  214775ms] [LOG] [Fast Refresh] rebuilding @ webpack-internal:///(app-pages-browser)/./node_modules/.pnpm/next@15.5.19_react-dom@19.2.7_react@19.2.7__react@19.2.7/node_modules/next/dist/client/dev/hot-reloader/app/hot-reloader-app.js:196
[  216518ms] [LOG] [Fast Refresh] done in 1744ms @ webpack-internal:///(app-pages-browser)/./node_modules/.pnpm/next@15.5.19_react-dom@19.2.7_react@19.2.7__react@19.2.7/node_modules/next/dist/client/dev/report-hmr-latency.js:13
[  216522ms] [LOG] [Fast Refresh] rebuilding @ webpack-internal:///(app-pages-browser)/./node_modules/.pnpm/next@15.5.19_react-dom@19.2.7_react@19.2.7__react@19.2.7/node_modules/next/dist/client/dev/hot-reloader/app/hot-reloader-app.js:196
[  217458ms] [LOG] [Fast Refresh] done in 936ms @ webpack-internal:///(app-pages-browser)/./node_modules/.pnpm/next@15.5.19_react-dom@19.2.7_react@19.2.7__react@19.2.7/node_modules/next/dist/client/dev/report-hmr-latency.js:13
[  217467ms] [LOG] [Fast Refresh] rebuilding @ webpack-internal:///(app-pages-browser)/./node_modules/.pnpm/next@15.5.19_react-dom@19.2.7_react@19.2.7__react@19.2.7/node_modules/next/dist/client/dev/hot-reloader/app/hot-reloader-app.js:196
[  218308ms] [LOG] [Fast Refresh] done in 841ms @ webpack-internal:///(app-pages-browser)/./node_modules/.pnpm/next@15.5.19_react-dom@19.2.7_react@19.2.7__react@19.2.7/node_modules/next/dist/client/dev/report-hmr-latency.js:13
[  218312ms] [LOG] [Fast Refresh] rebuilding @ webpack-internal:///(app-pages-browser)/./node_modules/.pnpm/next@15.5.19_react-dom@19.2.7_react@19.2.7__react@19.2.7/node_modules/next/dist/client/dev/hot-reloader/app/hot-reloader-app.js:196
[  219472ms] [LOG] [Fast Refresh] done in 1159ms @ webpack-internal:///(app-pages-browser)/./node_modules/.pnpm/next@15.5.19_react-dom@19.2.7_react@19.2.7__react@19.2.7/node_modules/next/dist/client/dev/report-hmr-latency.js:13
[  219475ms] [LOG] [Fast Refresh] rebuilding @ webpack-internal:///(app-pages-browser)/./node_modules/.pnpm/next@15.5.19_react-dom@19.2.7_react@19.2.7__react@19.2.7/node_modules/next/dist/client/dev/hot-reloader/app/hot-reloader-app.js:196
[  220179ms] [LOG] [Fast Refresh] done in 703ms @ webpack-internal:///(app-pages-browser)/./node_modules/.pnpm/next@15.5.19_react-dom@19.2.7_react@19.2.7__react@19.2.7/node_modules/next/dist/client/dev/report-hmr-latency.js:13
[  220182ms] [LOG] [Fast Refresh] rebuilding @ webpack-internal:///(app-pages-browser)/./node_modules/.pnpm/next@15.5.19_react-dom@19.2.7_react@19.2.7__react@19.2.7/node_modules/next/dist/client/dev/hot-reloader/app/hot-reloader-app.js:196
[  220822ms] [LOG] [Fast Refresh] done in 639ms @ webpack-internal:///(app-pages-browser)/./node_modules/.pnpm/next@15.5.19_react-dom@19.2.7_react@19.2.7__react@19.2.7/node_modules/next/dist/client/dev/report-hmr-latency.js:13
[  220825ms] [LOG] [Fast Refresh] rebuilding @ webpack-internal:///(app-pages-browser)/./node_modules/.pnpm/next@15.5.19_react-dom@19.2.7_react@19.2.7__react@19.2.7/node_modules/next/dist/client/dev/hot-reloader/app/hot-reloader-app.js:196
[  221595ms] [LOG] [Fast Refresh] done in 770ms @ webpack-internal:///(app-pages-browser)/./node_modules/.pnpm/next@15.5.19_react-dom@19.2.7_react@19.2.7__react@19.2.7/node_modules/next/dist/client/dev/report-hmr-latency.js:13
[  221599ms] [LOG] [Fast Refresh] rebuilding @ webpack-internal:///(app-pages-browser)/./node_modules/.pnpm/next@15.5.19_react-dom@19.2.7_react@19.2.7__react@19.2.7/node_modules/next/dist/client/dev/hot-reloader/app/hot-reloader-app.js:196
[  222236ms] [LOG] [Fast Refresh] done in 637ms @ webpack-internal:///(app-pages-browser)/./node_modules/.pnpm/next@15.5.19_react-dom@19.2.7_react@19.2.7__react@19.2.7/node_modules/next/dist/client/dev/report-hmr-latency.js:13
[  222239ms] [LOG] [Fast Refresh] rebuilding @ webpack-internal:///(app-pages-browser)/./node_modules/.pnpm/next@15.5.19_react-dom@19.2.7_react@19.2.7__react@19.2.7/node_modules/next/dist/client/dev/hot-reloader/app/hot-reloader-app.js:196
[  222875ms] [LOG] [Fast Refresh] done in 637ms @ webpack-internal:///(app-pages-browser)/./node_modules/.pnpm/next@15.5.19_react-dom@19.2.7_react@19.2.7__react@19.2.7/node_modules/next/dist/client/dev/report-hmr-latency.js:13
[  222880ms] [LOG] [Fast Refresh] rebuilding @ webpack-internal:///(app-pages-browser)/./node_modules/.pnpm/next@15.5.19_react-dom@19.2.7_react@19.2.7__react@19.2.7/node_modules/next/dist/client/dev/hot-reloader/app/hot-reloader-app.js:196
[  223550ms] [LOG] [Fast Refresh] done in 670ms @ webpack-internal:///(app-pages-browser)/./node_modules/.pnpm/next@15.5.19_react-dom@19.2.7_react@19.2.7__react@19.2.7/node_modules/next/dist/client/dev/report-hmr-latency.js:13
[  223554ms] [LOG] [Fast Refresh] rebuilding @ webpack-internal:///(app-pages-browser)/./node_modules/.pnpm/next@15.5.19_react-dom@19.2.7_react@19.2.7__react@19.2.7/node_modules/next/dist/client/dev/hot-reloader/app/hot-reloader-app.js:196
[  224205ms] [LOG] [Fast Refresh] done in 650ms @ webpack-internal:///(app-pages-browser)/./node_modules/.pnpm/next@15.5.19_react-dom@19.2.7_react@19.2.7__react@19.2.7/node_modules/next/dist/client/dev/report-hmr-latency.js:13
[  224210ms] [LOG] [Fast Refresh] rebuilding @ webpack-internal:///(app-pages-browser)/./node_modules/.pnpm/next@15.5.19_react-dom@19.2.7_react@19.2.7__react@19.2.7/node_modules/next/dist/client/dev/hot-reloader/app/hot-reloader-app.js:196
[  224819ms] [LOG] [Fast Refresh] done in 609ms @ webpack-internal:///(app-pages-browser)/./node_modules/.pnpm/next@15.5.19_react-dom@19.2.7_react@19.2.7__react@19.2.7/node_modules/next/dist/client/dev/report-hmr-latency.js:13
[  224822ms] [LOG] [Fast Refresh] rebuilding @ webpack-internal:///(app-pages-browser)/./node_modules/.pnpm/next@15.5.19_react-dom@19.2.7_react@19.2.7__react@19.2.7/node_modules/next/dist/client/dev/hot-reloader/app/hot-reloader-app.js:196
[  225449ms] [LOG] [Fast Refresh] done in 626ms @ webpack-internal:///(app-pages-browser)/./node_modules/.pnpm/next@15.5.19_react-dom@19.2.7_react@19.2.7__react@19.2.7/node_modules/next/dist/client/dev/report-hmr-latency.js:13
[  225452ms] [LOG] [Fast Refresh] rebuilding @ webpack-internal:///(app-pages-browser)/./node_modules/.pnpm/next@15.5.19_react-dom@19.2.7_react@19.2.7__react@19.2.7/node_modules/next/dist/client/dev/hot-reloader/app/hot-reloader-app.js:196
[  226067ms] [LOG] [Fast Refresh] done in 616ms @ webpack-internal:///(app-pages-browser)/./node_modules/.pnpm/next@15.5.19_react-dom@19.2.7_react@19.2.7__react@19.2.7/node_modules/next/dist/client/dev/report-hmr-latency.js:13
[  226071ms] [LOG] [Fast Refresh] rebuilding @ webpack-internal:///(app-pages-browser)/./node_modules/.pnpm/next@15.5.19_react-dom@19.2.7_react@19.2.7__react@19.2.7/node_modules/next/dist/client/dev/hot-reloader/app/hot-reloader-app.js:196
[  227073ms] [LOG] [Fast Refresh] done in 1001ms @ webpack-internal:///(app-pages-browser)/./node_modules/.pnpm/next@15.5.19_react-dom@19.2.7_react@19.2.7__react@19.2.7/node_modules/next/dist/client/dev/report-hmr-latency.js:13
[  227076ms] [LOG] [Fast Refresh] rebuilding @ webpack-internal:///(app-pages-browser)/./node_modules/.pnpm/next@15.5.19_react-dom@19.2.7_react@19.2.7__react@19.2.7/node_modules/next/dist/client/dev/hot-reloader/app/hot-reloader-app.js:196
[  227894ms] [LOG] [Fast Refresh] done in 818ms @ webpack-internal:///(app-pages-browser)/./node_modules/.pnpm/next@15.5.19_react-dom@19.2.7_react@19.2.7__react@19.2.7/node_modules/next/dist/client/dev/report-hmr-latency.js:13
[  227903ms] [LOG] [Fast Refresh] rebuilding @ webpack-internal:///(app-pages-browser)/./node_modules/.pnpm/next@15.5.19_react-dom@19.2.7_react@19.2.7__react@19.2.7/node_modules/next/dist/client/dev/hot-reloader/app/hot-reloader-app.js:196
[  228714ms] [LOG] [Fast Refresh] done in 811ms @ webpack-internal:///(app-pages-browser)/./node_modules/.pnpm/next@15.5.19_react-dom@19.2.7_react@19.2.7__react@19.2.7/node_modules/next/dist/client/dev/report-hmr-latency.js:13
[  228718ms] [LOG] [Fast Refresh] rebuilding @ webpack-internal:///(app-pages-browser)/./node_modules/.pnpm/next@15.5.19_react-dom@19.2.7_react@19.2.7__react@19.2.7/node_modules/next/dist/client/dev/hot-reloader/app/hot-reloader-app.js:196
[  229435ms] [LOG] [Fast Refresh] done in 717ms @ webpack-internal:///(app-pages-browser)/./node_modules/.pnpm/next@15.5.19_react-dom@19.2.7_react@19.2.7__react@19.2.7/node_modules/next/dist/client/dev/report-hmr-latency.js:13
[  229439ms] [LOG] [Fast Refresh] rebuilding @ webpack-internal:///(app-pages-browser)/./node_modules/.pnpm/next@15.5.19_react-dom@19.2.7_react@19.2.7__react@19.2.7/node_modules/next/dist/client/dev/hot-reloader/app/hot-reloader-app.js:196
[  230219ms] [LOG] [Fast Refresh] done in 779ms @ webpack-internal:///(app-pages-browser)/./node_modules/.pnpm/next@15.5.19_react-dom@19.2.7_react@19.2.7__react@19.2.7/node_modules/next/dist/client/dev/report-hmr-latency.js:13
[  230222ms] [LOG] [Fast Refresh] rebuilding @ webpack-internal:///(app-pages-browser)/./node_modules/.pnpm/next@15.5.19_react-dom@19.2.7_react@19.2.7__react@19.2.7/node_modules/next/dist/client/dev/hot-reloader/app/hot-reloader-app.js:196
[  232205ms] [LOG] [Fast Refresh] done in 1983ms @ webpack-internal:///(app-pages-browser)/./node_modules/.pnpm/next@15.5.19_react-dom@19.2.7_react@19.2.7__react@19.2.7/node_modules/next/dist/client/dev/report-hmr-latency.js:13
[  232213ms] [LOG] [Fast Refresh] rebuilding @ webpack-internal:///(app-pages-browser)/./node_modules/.pnpm/next@15.5.19_react-dom@19.2.7_react@19.2.7__react@19.2.7/node_modules/next/dist/client/dev/hot-reloader/app/hot-reloader-app.js:196
